#
# There is insufficient memory for the Java Runtime Environment to continue.
# Native memory allocation (malloc) failed to allocate 539456 bytes. Error detail: Chunk::new
# Possible reasons:
#   The system is out of physical RAM or swap space
#   This process is running with CompressedOops enabled, and the Java Heap may be blocking the growth of the native heap
# Possible solutions:
#   Reduce memory load on the system
#   Increase physical memory or swap space
#   Check if swap backing store is full
#   Decrease Java heap size (-Xmx/-Xms)
#   Decrease number of Java threads
#   Decrease Java thread stack sizes (-Xss)
#   Set larger code cache with -XX:ReservedCodeCacheSize=
#   JVM is running with Unscaled Compressed Oops mode in which the Java heap is
#     placed in the first 4GB address space. The Java Heap base address is the
#     maximum limit for the native heap growth. Please use -XX:HeapBaseMinAddress
#     to set the Java Heap base and to place the Java Heap above 4GB virtual address.
# This output file may be truncated or incomplete.
#
#  Out of Memory Error (arena.cpp:191), pid=16016, tid=14244
#
# JRE version: OpenJDK Runtime Environment Temurin-17.0.13+11 (17.0.13+11) (build 17.0.13+11)
# Java VM: OpenJDK 64-Bit Server VM Temurin-17.0.13+11 (17.0.13+11, mixed mode, tiered, compressed oops, compressed class ptrs, parallel gc, windows-amd64)
# No core dump will be written. Minidumps are not enabled by default on client versions of Windows
#

---------------  S U M M A R Y ------------

Command Line: --add-modules=ALL-SYSTEM --add-opens=java.base/java.util=ALL-UNNAMED --add-opens=java.base/java.lang=ALL-UNNAMED --add-opens=java.base/sun.nio.fs=ALL-UNNAMED -Declipse.application=org.eclipse.jdt.ls.core.id1 -Dosgi.bundles.defaultStartLevel=4 -Declipse.product=org.eclipse.jdt.ls.core.product -Djava.import.generatesMetadataFilesAtProjectRoot=false -DDetectVMInstallationsJob.disabled=true -Dfile.encoding=utf8 -XX:+UseParallelGC -XX:GCTimeRatio=4 -XX:AdaptiveSizePolicyWeight=90 -Dsun.zip.disableMemoryMapping=true -Xmx1G -Xms100m -Xlog:disable -javaagent:c:\Users\Acer\.vscode\extensions\redhat.java-1.36.0-win32-x64\lombok\lombok-1.18.35.jar c:\Users\Acer\.vscode\extensions\redhat.java-1.36.0-win32-x64\server\plugins\org.eclipse.equinox.launcher_1.6.900.v20240613-2009.jar -configuration c:\Users\Acer\AppData\Roaming\Code\User\globalStorage\redhat.java\1.36.0\config_ss_win -data c:\Users\Acer\AppData\Roaming\Code\User\workspaceStorage\3599431ab96410157c4ac57fe2722e92\redhat.java\ss_ws --pipe=\\.\pipe\lsp-ce7f5a0ab5eba1b3309b9d3963555796-sock

Host: Intel(R) Core(TM) i5-7200U CPU @ 2.50GHz, 4 cores, 7G,  Windows 11 , 64 bit Build 27749 (10.0.27749.1000)
Time: Sat Nov 16 12:23:31 2024 India Standard Time elapsed time: 734.602895 seconds (0d 0h 12m 14s)

---------------  T H R E A D  ---------------

Current thread (0x000000d4dc3fd520):  JavaThread "C2 CompilerThread1" daemon [_thread_in_native, id=14244, stack(0x000000d4dd900000,0x000000d4dda00000)]


Current CompileTask:
C2: 734603 6637       4       org.eclipse.jdt.internal.core.JavaModelManager::getOption (159 bytes)

Stack: [0x000000d4dd900000,0x000000d4dda00000]
Native frames: (J=compiled Java code, j=interpreted, Vv=VM code, C=native code)
V  [jvm.dll+0x682a19]
V  [jvm.dll+0x839538]
V  [jvm.dll+0x83afe3]
V  [jvm.dll+0x83b653]
V  [jvm.dll+0x24704f]
V  [jvm.dll+0xace34]
V  [jvm.dll+0xad4cc]
V  [jvm.dll+0x36597e]
V  [jvm.dll+0x32fbd8]
V  [jvm.dll+0x32f05a]
V  [jvm.dll+0x21804f]
V  [jvm.dll+0x21748f]
V  [jvm.dll+0x1a3070]
V  [jvm.dll+0x22788c]
V  [jvm.dll+0x2259eb]
V  [jvm.dll+0x7eec98]
V  [jvm.dll+0x7e8ffc]
V  [jvm.dll+0x6818f7]
C  [ucrtbase.dll+0x85c00]
C  [KERNEL32.DLL+0x35767]
C  [ntdll.dll+0xf4920]


---------------  P R O C E S S  ---------------

Threads class SMR info:
_java_thread_list=0x000000d4dde2a270, length=30, elements={
0x000000d4c5ea7640, 0x000000d4d7946cb0, 0x000000d4d794ad70, 0x000000d4d79950e0,
0x000000d4d79959b0, 0x000000d4d798d370, 0x000000d4d798dc40, 0x000000d4d798e840,
0x000000d4dc06f980, 0x000000d4dc0733a0, 0x000000d4dc0d9ef0, 0x000000d4dc2bb350,
0x000000d4dce07070, 0x000000d4c5ac58b0, 0x000000d4dc91f490, 0x000000d4dc35cc30,
0x000000d4dce513d0, 0x000000d4dce4fa80, 0x000000d4dce518e0, 0x000000d4dce4f060,
0x000000d4dce509b0, 0x000000d4dce52300, 0x000000d4dce51df0, 0x000000d4dce52810,
0x000000d4dce4f570, 0x000000d4de1e5f80, 0x000000d4de1e73c0, 0x000000d4de1e82f0,
0x000000d4de1e8800, 0x000000d4dc3fd520
}

Java Threads: ( => current thread )
  0x000000d4c5ea7640 JavaThread "main" [_thread_blocked, id=12372, stack(0x000000d4c5d50000,0x000000d4c5e50000)]
  0x000000d4d7946cb0 JavaThread "Reference Handler" daemon [_thread_blocked, id=10876, stack(0x000000d4d7aa0000,0x000000d4d7ba0000)]
  0x000000d4d794ad70 JavaThread "Finalizer" daemon [_thread_blocked, id=12536, stack(0x000000d4d7ba0000,0x000000d4d7ca0000)]
  0x000000d4d79950e0 JavaThread "Signal Dispatcher" daemon [_thread_blocked, id=11816, stack(0x000000d4d7ca0000,0x000000d4d7da0000)]
  0x000000d4d79959b0 JavaThread "Attach Listener" daemon [_thread_blocked, id=10628, stack(0x000000d4d7da0000,0x000000d4d7ea0000)]
  0x000000d4d798d370 JavaThread "Service Thread" daemon [_thread_blocked, id=9200, stack(0x000000d4d7ea0000,0x000000d4d7fa0000)]
  0x000000d4d798dc40 JavaThread "Monitor Deflation Thread" daemon [_thread_blocked, id=15020, stack(0x000000d4dc400000,0x000000d4dc500000)]
  0x000000d4d798e840 JavaThread "C2 CompilerThread0" daemon [_thread_blocked, id=5564, stack(0x000000d4dc500000,0x000000d4dc600000)]
  0x000000d4dc06f980 JavaThread "C1 CompilerThread0" daemon [_thread_blocked, id=14024, stack(0x000000d4dc600000,0x000000d4dc700000)]
  0x000000d4dc0733a0 JavaThread "Sweeper thread" daemon [_thread_blocked, id=9308, stack(0x000000d4dc700000,0x000000d4dc800000)]
  0x000000d4dc0d9ef0 JavaThread "Common-Cleaner" daemon [_thread_blocked, id=11132, stack(0x000000d4dc800000,0x000000d4dc900000)]
  0x000000d4dc2bb350 JavaThread "Notification Thread" daemon [_thread_blocked, id=14520, stack(0x000000d4dd100000,0x000000d4dd200000)]
  0x000000d4dce07070 JavaThread "Active Thread: Equinox Container: 5267278b-4672-4a9e-b79c-26caf7605b7f" [_thread_blocked, id=16640, stack(0x000000d4dd600000,0x000000d4dd700000)]
  0x000000d4c5ac58b0 JavaThread "Framework Event Dispatcher: Equinox Container: 5267278b-4672-4a9e-b79c-26caf7605b7f" daemon [_thread_blocked, id=16104, stack(0x000000d4c5920000,0x000000d4c5a20000)]
  0x000000d4dc91f490 JavaThread "Start Level: Equinox Container: 5267278b-4672-4a9e-b79c-26caf7605b7f" daemon [_thread_blocked, id=2964, stack(0x000000d4c5ba0000,0x000000d4c5ca0000)]
  0x000000d4dc35cc30 JavaThread "SCR Component Actor" daemon [_thread_blocked, id=2052, stack(0x000000d4dd800000,0x000000d4dd900000)]
  0x000000d4dce513d0 JavaThread "Worker-JM" [_thread_blocked, id=11288, stack(0x000000d4dda00000,0x000000d4ddb00000)]
  0x000000d4dce4fa80 JavaThread "JNA Cleaner" daemon [_thread_blocked, id=8872, stack(0x000000d4debd0000,0x000000d4decd0000)]
  0x000000d4dce518e0 JavaThread "Thread-2" daemon [_thread_in_native, id=8096, stack(0x000000d4dffa0000,0x000000d4e00a0000)]
  0x000000d4dce4f060 JavaThread "Thread-3" daemon [_thread_in_native, id=11504, stack(0x000000d4e00a0000,0x000000d4e01a0000)]
  0x000000d4dce509b0 JavaThread "Thread-4" daemon [_thread_in_native, id=16528, stack(0x000000d4e01a0000,0x000000d4e02a0000)]
  0x000000d4dce52300 JavaThread "Thread-5" daemon [_thread_in_native, id=3240, stack(0x000000d4e02a0000,0x000000d4e03a0000)]
  0x000000d4dce51df0 JavaThread "Thread-6" daemon [_thread_in_native, id=8164, stack(0x000000d4e03a0000,0x000000d4e04a0000)]
  0x000000d4dce52810 JavaThread "pool-2-thread-1" [_thread_blocked, id=8108, stack(0x000000d4e04a0000,0x000000d4e05a0000)]
  0x000000d4dce4f570 JavaThread "Worker-2" [_thread_blocked, id=13060, stack(0x000000d4e05a0000,0x000000d4e06a0000)]
  0x000000d4de1e5f80 JavaThread "WorkspaceEventsHandler" [_thread_blocked, id=14708, stack(0x000000d4e06a0000,0x000000d4e07a0000)]
  0x000000d4de1e73c0 JavaThread "pool-1-thread-1" [_thread_blocked, id=16624, stack(0x000000d4e07a0000,0x000000d4e08a0000)]
  0x000000d4de1e82f0 JavaThread "Worker-4" [_thread_blocked, id=10580, stack(0x000000d4e2c40000,0x000000d4e2d40000)]
  0x000000d4de1e8800 JavaThread "ForkJoinPool.commonPool-worker-4" daemon [_thread_blocked, id=17108, stack(0x000000d4dd700000,0x000000d4dd800000)]
=>0x000000d4dc3fd520 JavaThread "C2 CompilerThread1" daemon [_thread_in_native, id=14244, stack(0x000000d4dd900000,0x000000d4dda00000)]

Other Threads:
  0x000000d4c5f4eb30 VMThread "VM Thread" [stack: 0x000000d4d79a0000,0x000000d4d7aa0000] [id=15680]
  0x000000d4dc2bb830 WatcherThread [stack: 0x000000d4dd200000,0x000000d4dd300000] [id=12296]
  0x000000d4c5eba3e0 GCTaskThread "GC Thread#0" [stack: 0x000000d4d5340000,0x000000d4d5440000] [id=14744]
  0x000000d4dcd73bd0 GCTaskThread "GC Thread#1" [stack: 0x000000d4dd300000,0x000000d4dd400000] [id=14028]
  0x000000d4dcd742a0 GCTaskThread "GC Thread#2" [stack: 0x000000d4dd400000,0x000000d4dd500000] [id=6360]
  0x000000d4dcd74560 GCTaskThread "GC Thread#3" [stack: 0x000000d4dd500000,0x000000d4dd600000] [id=15924]

Threads with active compile tasks:
C2 CompilerThread0   734714 6642   !   4       org.eclipse.jdt.internal.core.NameLookup::seekTypesInBinaryPackage (399 bytes)
C2 CompilerThread1   734714 6637       4       org.eclipse.jdt.internal.core.JavaModelManager::getOption (159 bytes)

VM state: at safepoint (normal execution)

VM Mutex/Monitor currently owned by a thread:  ([mutex/lock_event])
[0x000000d4c5ea3d90] Threads_lock - owner thread: 0x000000d4c5f4eb30
[0x000000d4c5ea4570] Heap_lock - owner thread: 0x000000d4de1e8800

Heap address: 0x00000000c0000000, size: 1024 MB, Compressed Oops mode: 32-bit

CDS archive(s) not mapped
Compressed class space mapped at: 0x0000000100000000-0x0000000140000000, reserved size: 1073741824
Narrow klass base: 0x0000000000000000, Narrow klass shift: 3, Narrow klass range: 0x140000000

GC Precious Log:
 CPUs: 4 total, 4 available
 Memory: 8043M
 Large Page Support: Disabled
 NUMA Support: Disabled
 Compressed Oops: Enabled (32-bit)
 Alignments: Space 512K, Generation 512K, Heap 2M
 Heap Min Capacity: 100M
 Heap Initial Capacity: 100M
 Heap Max Capacity: 1G
 Pre-touch: Disabled
 Parallel Workers: 4

Heap:
 PSYoungGen      total 26624K, used 21504K [0x00000000eab00000, 0x00000000eca80000, 0x0000000100000000)
  eden space 21504K, 100% used [0x00000000eab00000,0x00000000ec000000,0x00000000ec000000)
  from space 5120K, 0% used [0x00000000ec000000,0x00000000ec000000,0x00000000ec500000)
  to   space 4608K, 0% used [0x00000000ec580000,0x00000000ec580000,0x00000000eca00000)
 ParOldGen       total 68608K, used 68603K [0x00000000c0000000, 0x00000000c4300000, 0x00000000eab00000)
  object space 68608K, 99% used [0x00000000c0000000,0x00000000c42fedc8,0x00000000c4300000)
 Metaspace       used 53841K, committed 54848K, reserved 1114112K
  class space    used 5468K, committed 5888K, reserved 1048576K

Card table byte_map: [0x000000d4d5130000,0x000000d4d5340000] _byte_map_base: 0x000000d4d4b30000

Marking Bits: (ParMarkBitMap*) 0x00007fffcab36940
 Begin Bits: [0x000000d4d55a0000, 0x000000d4d65a0000)
 End Bits:   [0x000000d4d65a0000, 0x000000d4d75a0000)

Polling page: 0x000000d4c5a50000

Metaspace:

Usage:
  Non-class:     47.24 MB used.
      Class:      5.34 MB used.
       Both:     52.58 MB used.

Virtual space:
  Non-class space:       64.00 MB reserved,      47.81 MB ( 75%) committed,  1 nodes.
      Class space:        1.00 GB reserved,       5.75 MB ( <1%) committed,  1 nodes.
             Both:        1.06 GB reserved,      53.56 MB (  5%) committed. 

Chunk freelists:
   Non-Class:  107.00 KB
       Class:  10.30 MB
        Both:  10.40 MB

MaxMetaspaceSize: unlimited
CompressedClassSpaceSize: 1.00 GB
Initial GC threshold: 21.00 MB
Current GC threshold: 89.31 MB
CDS: off
MetaspaceReclaimPolicy: balanced
 - commit_granule_bytes: 65536.
 - commit_granule_words: 8192.
 - virtual_space_node_default_size: 8388608.
 - enlarge_chunks_in_place: 1.
 - new_chunks_are_fully_committed: 0.
 - uncommit_free_chunks: 1.
 - use_allocation_guard: 0.
 - handle_deallocations: 1.


Internal statistics:

num_allocs_failed_limit: 6.
num_arena_births: 756.
num_arena_deaths: 94.
num_vsnodes_births: 2.
num_vsnodes_deaths: 0.
num_space_committed: 857.
num_space_uncommitted: 0.
num_chunks_returned_to_freelist: 130.
num_chunks_taken_from_freelist: 2804.
num_chunk_merges: 26.
num_chunk_splits: 1739.
num_chunks_enlarged: 1004.
num_inconsistent_stats: 0.

CodeHeap 'non-profiled nmethods': size=120000Kb used=4802Kb max_used=4802Kb free=115197Kb
 bounds [0x000000d4cda20000, 0x000000d4cdee0000, 0x000000d4d4f50000]
CodeHeap 'profiled nmethods': size=120000Kb used=12731Kb max_used=12731Kb free=107268Kb
 bounds [0x000000d4c5f50000, 0x000000d4c6bd0000, 0x000000d4cd480000]
CodeHeap 'non-nmethods': size=5760Kb used=1365Kb max_used=1466Kb free=4395Kb
 bounds [0x000000d4cd480000, 0x000000d4cd6f0000, 0x000000d4cda20000]
 total_blobs=6488 nmethods=5770 adapters=632
 compilation: enabled
              stopped_count=0, restarted_count=0
 full_count=0

Compilation events (20 events):
Event: 733.838 Thread 0x000000d4dc06f980 nmethod 6624 0x000000d4c6bb5210 code [0x000000d4c6bb5d00, 0x000000d4c6bbd328]
Event: 734.005 Thread 0x000000d4d798e840 6625       4       java.util.HashMap::remove (26 bytes)
Event: 734.016 Thread 0x000000d4d798e840 nmethod 6625 0x000000d4cdebce90 code [0x000000d4cdebd040, 0x000000d4cdebd438]
Event: 734.016 Thread 0x000000d4d798e840 6626       4       sun.nio.fs.WindowsPath::parse (26 bytes)
Event: 734.018 Thread 0x000000d4d798e840 nmethod 6626 0x000000d4cdebd710 code [0x000000d4cdebd8a0, 0x000000d4cdebd9e8]
Event: 734.019 Thread 0x000000d4d798e840 6627       4       jdk.internal.misc.Unsafe::checkNativeAddress (28 bytes)
Event: 734.019 Thread 0x000000d4d798e840 nmethod 6627 0x000000d4cdebdb90 code [0x000000d4cdebdd00, 0x000000d4cdebdd78]
Event: 734.022 Thread 0x000000d4d798e840 6628       4       java.lang.ThreadLocal::setInitialValue (50 bytes)
Event: 734.034 Thread 0x000000d4dc06f980 6633       3       org.eclipse.jdt.internal.compiler.classfmt.ClassFileStruct::i4At (69 bytes)
Event: 734.034 Thread 0x000000d4dc06f980 nmethod 6633 0x000000d4c6bbfc90 code [0x000000d4c6bbfe20, 0x000000d4c6bbfff8]
Event: 734.036 Thread 0x000000d4d798e840 nmethod 6628 0x000000d4cdebde90 code [0x000000d4cdebe060, 0x000000d4cdebe528]
Event: 734.037 Thread 0x000000d4d798e840 6630   !   4       org.eclipse.jdt.internal.core.PackageFragmentRoot::getHandleMemento (219 bytes)
Event: 734.294 Thread 0x000000d4dc3fd520 nmethod 6620 0x000000d4cdebea10 code [0x000000d4cdebee60, 0x000000d4cdec2fd8]
Event: 734.294 Thread 0x000000d4dc3fd520 6635       4       sun.nio.fs.WindowsPath::getParent (5 bytes)
Event: 734.313 Thread 0x000000d4dc3fd520 nmethod 6635 0x000000d4cdec5910 code [0x000000d4cdec5ac0, 0x000000d4cdec6238]
Event: 734.314 Thread 0x000000d4dc3fd520 6634   !   4       org.eclipse.jdt.internal.core.JavaProject::hasJavaNature (38 bytes)
Event: 734.324 Thread 0x000000d4dc06f980 6638       3       org.eclipse.jdt.internal.compiler.classfmt.ClassFileReader::decodeAnnotations (252 bytes)
Event: 734.325 Thread 0x000000d4dc06f980 nmethod 6638 0x000000d4c6bc0110 code [0x000000d4c6bc0360, 0x000000d4c6bc1258]
Event: 734.330 Thread 0x000000d4dc3fd520 nmethod 6634 0x000000d4cdec6790 code [0x000000d4cdec6980, 0x000000d4cdec7008]
Event: 734.330 Thread 0x000000d4dc3fd520 6637       4       org.eclipse.jdt.internal.core.JavaModelManager::getOption (159 bytes)

GC Heap History (20 events):
Event: 730.358 GC heap before
{Heap before GC invocations=29 (full 2):
 PSYoungGen      total 28672K, used 28211K [0x00000000eab00000, 0x00000000ed000000, 0x0000000100000000)
  eden space 22016K, 100% used [0x00000000eab00000,0x00000000ec080000,0x00000000ec080000)
  from space 6656K, 93% used [0x00000000ec980000,0x00000000ecf8cda8,0x00000000ed000000)
  to   space 7168K, 0% used [0x00000000ec200000,0x00000000ec200000,0x00000000ec900000)
 ParOldGen       total 68608K, used 42070K [0x00000000c0000000, 0x00000000c4300000, 0x00000000eab00000)
  object space 68608K, 61% used [0x00000000c0000000,0x00000000c2915be0,0x00000000c4300000)
 Metaspace       used 53894K, committed 54848K, reserved 1114112K
  class space    used 5488K, committed 5888K, reserved 1048576K
}
Event: 730.385 GC heap after
{Heap after GC invocations=29 (full 2):
 PSYoungGen      total 23040K, used 672K [0x00000000eab00000, 0x00000000eca00000, 0x0000000100000000)
  eden space 22016K, 0% used [0x00000000eab00000,0x00000000eab00000,0x00000000ec080000)
  from space 1024K, 65% used [0x00000000ec200000,0x00000000ec2a8020,0x00000000ec300000)
  to   space 3072K, 0% used [0x00000000ec700000,0x00000000ec700000,0x00000000eca00000)
 ParOldGen       total 68608K, used 47064K [0x00000000c0000000, 0x00000000c4300000, 0x00000000eab00000)
  object space 68608K, 68% used [0x00000000c0000000,0x00000000c2df62a0,0x00000000c4300000)
 Metaspace       used 53894K, committed 54848K, reserved 1114112K
  class space    used 5488K, committed 5888K, reserved 1048576K
}
Event: 730.838 GC heap before
{Heap before GC invocations=30 (full 2):
 PSYoungGen      total 23040K, used 22688K [0x00000000eab00000, 0x00000000eca00000, 0x0000000100000000)
  eden space 22016K, 100% used [0x00000000eab00000,0x00000000ec080000,0x00000000ec080000)
  from space 1024K, 65% used [0x00000000ec200000,0x00000000ec2a8020,0x00000000ec300000)
  to   space 3072K, 0% used [0x00000000ec700000,0x00000000ec700000,0x00000000eca00000)
 ParOldGen       total 68608K, used 47064K [0x00000000c0000000, 0x00000000c4300000, 0x00000000eab00000)
  object space 68608K, 68% used [0x00000000c0000000,0x00000000c2df62a0,0x00000000c4300000)
 Metaspace       used 53908K, committed 54848K, reserved 1114112K
  class space    used 5488K, committed 5888K, reserved 1048576K
}
Event: 730.852 GC heap after
{Heap after GC invocations=30 (full 2):
 PSYoungGen      total 24576K, used 3054K [0x00000000eab00000, 0x00000000ece80000, 0x0000000100000000)
  eden space 21504K, 0% used [0x00000000eab00000,0x00000000eab00000,0x00000000ec000000)
  from space 3072K, 99% used [0x00000000ec700000,0x00000000ec9fb8f8,0x00000000eca00000)
  to   space 7168K, 0% used [0x00000000ec000000,0x00000000ec000000,0x00000000ec700000)
 ParOldGen       total 68608K, used 50014K [0x00000000c0000000, 0x00000000c4300000, 0x00000000eab00000)
  object space 68608K, 72% used [0x00000000c0000000,0x00000000c30d7838,0x00000000c4300000)
 Metaspace       used 53908K, committed 54848K, reserved 1114112K
  class space    used 5488K, committed 5888K, reserved 1048576K
}
Event: 731.125 GC heap before
{Heap before GC invocations=31 (full 2):
 PSYoungGen      total 24576K, used 24558K [0x00000000eab00000, 0x00000000ece80000, 0x0000000100000000)
  eden space 21504K, 100% used [0x00000000eab00000,0x00000000ec000000,0x00000000ec000000)
  from space 3072K, 99% used [0x00000000ec700000,0x00000000ec9fb8f8,0x00000000eca00000)
  to   space 7168K, 0% used [0x00000000ec000000,0x00000000ec000000,0x00000000ec700000)
 ParOldGen       total 68608K, used 50014K [0x00000000c0000000, 0x00000000c4300000, 0x00000000eab00000)
  object space 68608K, 72% used [0x00000000c0000000,0x00000000c30d7838,0x00000000c4300000)
 Metaspace       used 53910K, committed 54848K, reserved 1114112K
  class space    used 5488K, committed 5888K, reserved 1048576K
}
Event: 731.137 GC heap after
{Heap after GC invocations=31 (full 2):
 PSYoungGen      total 27648K, used 6003K [0x00000000eab00000, 0x00000000ecd00000, 0x0000000100000000)
  eden space 21504K, 0% used [0x00000000eab00000,0x00000000eab00000,0x00000000ec000000)
  from space 6144K, 97% used [0x00000000ec000000,0x00000000ec5dcef8,0x00000000ec600000)
  to   space 6656K, 0% used [0x00000000ec680000,0x00000000ec680000,0x00000000ecd00000)
 ParOldGen       total 68608K, used 53020K [0x00000000c0000000, 0x00000000c4300000, 0x00000000eab00000)
  object space 68608K, 77% used [0x00000000c0000000,0x00000000c33c72f0,0x00000000c4300000)
 Metaspace       used 53910K, committed 54848K, reserved 1114112K
  class space    used 5488K, committed 5888K, reserved 1048576K
}
Event: 731.373 GC heap before
{Heap before GC invocations=32 (full 2):
 PSYoungGen      total 27648K, used 27507K [0x00000000eab00000, 0x00000000ecd00000, 0x0000000100000000)
  eden space 21504K, 100% used [0x00000000eab00000,0x00000000ec000000,0x00000000ec000000)
  from space 6144K, 97% used [0x00000000ec000000,0x00000000ec5dcef8,0x00000000ec600000)
  to   space 6656K, 0% used [0x00000000ec680000,0x00000000ec680000,0x00000000ecd00000)
 ParOldGen       total 68608K, used 53020K [0x00000000c0000000, 0x00000000c4300000, 0x00000000eab00000)
  object space 68608K, 77% used [0x00000000c0000000,0x00000000c33c72f0,0x00000000c4300000)
 Metaspace       used 53910K, committed 54848K, reserved 1114112K
  class space    used 5488K, committed 5888K, reserved 1048576K
}
Event: 731.385 GC heap after
{Heap after GC invocations=32 (full 2):
 PSYoungGen      total 26624K, used 4885K [0x00000000eab00000, 0x00000000ecb80000, 0x0000000100000000)
  eden space 21504K, 0% used [0x00000000eab00000,0x00000000eab00000,0x00000000ec000000)
  from space 5120K, 95% used [0x00000000ec680000,0x00000000ecb45548,0x00000000ecb80000)
  to   space 5632K, 0% used [0x00000000ec080000,0x00000000ec080000,0x00000000ec600000)
 ParOldGen       total 68608K, used 58874K [0x00000000c0000000, 0x00000000c4300000, 0x00000000eab00000)
  object space 68608K, 85% used [0x00000000c0000000,0x00000000c397e8a8,0x00000000c4300000)
 Metaspace       used 53910K, committed 54848K, reserved 1114112K
  class space    used 5488K, committed 5888K, reserved 1048576K
}
Event: 731.598 GC heap before
{Heap before GC invocations=33 (full 2):
 PSYoungGen      total 26624K, used 26389K [0x00000000eab00000, 0x00000000ecb80000, 0x0000000100000000)
  eden space 21504K, 100% used [0x00000000eab00000,0x00000000ec000000,0x00000000ec000000)
  from space 5120K, 95% used [0x00000000ec680000,0x00000000ecb45548,0x00000000ecb80000)
  to   space 5632K, 0% used [0x00000000ec080000,0x00000000ec080000,0x00000000ec600000)
 ParOldGen       total 68608K, used 58874K [0x00000000c0000000, 0x00000000c4300000, 0x00000000eab00000)
  object space 68608K, 85% used [0x00000000c0000000,0x00000000c397e8a8,0x00000000c4300000)
 Metaspace       used 53910K, committed 54848K, reserved 1114112K
  class space    used 5488K, committed 5888K, reserved 1048576K
}
Event: 731.610 GC heap after
{Heap after GC invocations=33 (full 2):
 PSYoungGen      total 26624K, used 4877K [0x00000000eab00000, 0x00000000eca00000, 0x0000000100000000)
  eden space 21504K, 0% used [0x00000000eab00000,0x00000000eab00000,0x00000000ec000000)
  from space 5120K, 95% used [0x00000000ec080000,0x00000000ec543688,0x00000000ec580000)
  to   space 4608K, 0% used [0x00000000ec580000,0x00000000ec580000,0x00000000eca00000)
 ParOldGen       total 68608K, used 63680K [0x00000000c0000000, 0x00000000c4300000, 0x00000000eab00000)
  object space 68608K, 92% used [0x00000000c0000000,0x00000000c3e30178,0x00000000c4300000)
 Metaspace       used 53910K, committed 54848K, reserved 1114112K
  class space    used 5488K, committed 5888K, reserved 1048576K
}
Event: 731.991 GC heap before
{Heap before GC invocations=34 (full 3):
 PSYoungGen      total 26624K, used 26381K [0x00000000eab00000, 0x00000000eca00000, 0x0000000100000000)
  eden space 21504K, 100% used [0x00000000eab00000,0x00000000ec000000,0x00000000ec000000)
  from space 5120K, 95% used [0x00000000ec080000,0x00000000ec543688,0x00000000ec580000)
  to   space 4608K, 0% used [0x00000000ec580000,0x00000000ec580000,0x00000000eca00000)
 ParOldGen       total 68608K, used 63680K [0x00000000c0000000, 0x00000000c4300000, 0x00000000eab00000)
  object space 68608K, 92% used [0x00000000c0000000,0x00000000c3e30178,0x00000000c4300000)
 Metaspace       used 53911K, committed 54848K, reserved 1114112K
  class space    used 5488K, committed 5888K, reserved 1048576K
}
Event: 732.448 GC heap after
{Heap after GC invocations=34 (full 3):
 PSYoungGen      total 26112K, used 0K [0x00000000eab00000, 0x00000000eca00000, 0x0000000100000000)
  eden space 21504K, 0% used [0x00000000eab00000,0x00000000eab00000,0x00000000ec000000)
  from space 4608K, 0% used [0x00000000ec580000,0x00000000ec580000,0x00000000eca00000)
  to   space 5120K, 0% used [0x00000000ec000000,0x00000000ec000000,0x00000000ec500000)
 ParOldGen       total 68608K, used 66857K [0x00000000c0000000, 0x00000000c4300000, 0x00000000eab00000)
  object space 68608K, 97% used [0x00000000c0000000,0x00000000c414a668,0x00000000c4300000)
 Metaspace       used 53839K, committed 54848K, reserved 1114112K
  class space    used 5468K, committed 5888K, reserved 1048576K
}
Event: 732.901 GC heap before
{Heap before GC invocations=35 (full 4):
 PSYoungGen      total 26112K, used 21504K [0x00000000eab00000, 0x00000000eca00000, 0x0000000100000000)
  eden space 21504K, 100% used [0x00000000eab00000,0x00000000ec000000,0x00000000ec000000)
  from space 4608K, 0% used [0x00000000ec580000,0x00000000ec580000,0x00000000eca00000)
  to   space 5120K, 0% used [0x00000000ec000000,0x00000000ec000000,0x00000000ec500000)
 ParOldGen       total 68608K, used 66857K [0x00000000c0000000, 0x00000000c4300000, 0x00000000eab00000)
  object space 68608K, 97% used [0x00000000c0000000,0x00000000c414a668,0x00000000c4300000)
 Metaspace       used 53841K, committed 54848K, reserved 1114112K
  class space    used 5468K, committed 5888K, reserved 1048576K
}
Event: 733.066 GC heap after
{Heap after GC invocations=35 (full 4):
 PSYoungGen      total 26624K, used 3632K [0x00000000eab00000, 0x00000000eca00000, 0x0000000100000000)
  eden space 21504K, 16% used [0x00000000eab00000,0x00000000eae8c108,0x00000000ec000000)
  from space 5120K, 0% used [0x00000000ec000000,0x00000000ec000000,0x00000000ec500000)
  to   space 4608K, 0% used [0x00000000ec580000,0x00000000ec580000,0x00000000eca00000)
 ParOldGen       total 68608K, used 68483K [0x00000000c0000000, 0x00000000c4300000, 0x00000000eab00000)
  object space 68608K, 99% used [0x00000000c0000000,0x00000000c42e0d38,0x00000000c4300000)
 Metaspace       used 53841K, committed 54848K, reserved 1114112K
  class space    used 5468K, committed 5888K, reserved 1048576K
}
Event: 733.451 GC heap before
{Heap before GC invocations=36 (full 5):
 PSYoungGen      total 26624K, used 21504K [0x00000000eab00000, 0x00000000eca00000, 0x0000000100000000)
  eden space 21504K, 100% used [0x00000000eab00000,0x00000000ec000000,0x00000000ec000000)
  from space 5120K, 0% used [0x00000000ec000000,0x00000000ec000000,0x00000000ec500000)
  to   space 4608K, 0% used [0x00000000ec580000,0x00000000ec580000,0x00000000eca00000)
 ParOldGen       total 68608K, used 68483K [0x00000000c0000000, 0x00000000c4300000, 0x00000000eab00000)
  object space 68608K, 99% used [0x00000000c0000000,0x00000000c42e0d38,0x00000000c4300000)
 Metaspace       used 53841K, committed 54848K, reserved 1114112K
  class space    used 5468K, committed 5888K, reserved 1048576K
}
Event: 733.618 GC heap after
{Heap after GC invocations=36 (full 5):
 PSYoungGen      total 26112K, used 8200K [0x00000000eab00000, 0x00000000ecb00000, 0x0000000100000000)
  eden space 21504K, 38% used [0x00000000eab00000,0x00000000eb3023d0,0x00000000ec000000)
  from space 4608K, 0% used [0x00000000ec580000,0x00000000ec580000,0x00000000eca00000)
  to   space 5120K, 0% used [0x00000000ec000000,0x00000000ec000000,0x00000000ec500000)
 ParOldGen       total 68608K, used 68603K [0x00000000c0000000, 0x00000000c4300000, 0x00000000eab00000)
  object space 68608K, 99% used [0x00000000c0000000,0x00000000c42fedc8,0x00000000c4300000)
 Metaspace       used 53841K, committed 54848K, reserved 1114112K
  class space    used 5468K, committed 5888K, reserved 1048576K
}
Event: 733.847 GC heap before
{Heap before GC invocations=37 (full 6):
 PSYoungGen      total 26112K, used 21504K [0x00000000eab00000, 0x00000000ecb00000, 0x0000000100000000)
  eden space 21504K, 100% used [0x00000000eab00000,0x00000000ec000000,0x00000000ec000000)
  from space 4608K, 0% used [0x00000000ec580000,0x00000000ec580000,0x00000000eca00000)
  to   space 5120K, 0% used [0x00000000ec000000,0x00000000ec000000,0x00000000ec500000)
 ParOldGen       total 68608K, used 68603K [0x00000000c0000000, 0x00000000c4300000, 0x00000000eab00000)
  object space 68608K, 99% used [0x00000000c0000000,0x00000000c42fedc8,0x00000000c4300000)
 Metaspace       used 53841K, committed 54848K, reserved 1114112K
  class space    used 5468K, committed 5888K, reserved 1048576K
}
Event: 734.002 GC heap after
{Heap after GC invocations=37 (full 6):
 PSYoungGen      total 26624K, used 11277K [0x00000000eab00000, 0x00000000ecb00000, 0x0000000100000000)
  eden space 21504K, 52% used [0x00000000eab00000,0x00000000eb603460,0x00000000ec000000)
  from space 5120K, 0% used [0x00000000ec000000,0x00000000ec000000,0x00000000ec500000)
  to   space 4608K, 0% used [0x00000000ec580000,0x00000000ec580000,0x00000000eca00000)
 ParOldGen       total 68608K, used 68603K [0x00000000c0000000, 0x00000000c4300000, 0x00000000eab00000)
  object space 68608K, 99% used [0x00000000c0000000,0x00000000c42fedc8,0x00000000c4300000)
 Metaspace       used 53841K, committed 54848K, reserved 1114112K
  class space    used 5468K, committed 5888K, reserved 1048576K
}
Event: 734.089 GC heap before
{Heap before GC invocations=38 (full 7):
 PSYoungGen      total 26624K, used 21504K [0x00000000eab00000, 0x00000000ecb00000, 0x0000000100000000)
  eden space 21504K, 100% used [0x00000000eab00000,0x00000000ec000000,0x00000000ec000000)
  from space 5120K, 0% used [0x00000000ec000000,0x00000000ec000000,0x00000000ec500000)
  to   space 4608K, 0% used [0x00000000ec580000,0x00000000ec580000,0x00000000eca00000)
 ParOldGen       total 68608K, used 68603K [0x00000000c0000000, 0x00000000c4300000, 0x00000000eab00000)
  object space 68608K, 99% used [0x00000000c0000000,0x00000000c42fedc8,0x00000000c4300000)
 Metaspace       used 53841K, committed 54848K, reserved 1114112K
  class space    used 5468K, committed 5888K, reserved 1048576K
}
Event: 734.285 GC heap after
{Heap after GC invocations=38 (full 7):
 PSYoungGen      total 26112K, used 14027K [0x00000000eab00000, 0x00000000ecb00000, 0x0000000100000000)
  eden space 21504K, 65% used [0x00000000eab00000,0x00000000eb8b2f58,0x00000000ec000000)
  from space 4608K, 0% used [0x00000000ec580000,0x00000000ec580000,0x00000000eca00000)
  to   space 5120K, 0% used [0x00000000ec000000,0x00000000ec000000,0x00000000ec500000)
 ParOldGen       total 68608K, used 68603K [0x00000000c0000000, 0x00000000c4300000, 0x00000000eab00000)
  object space 68608K, 99% used [0x00000000c0000000,0x00000000c42fedc8,0x00000000c4300000)
 Metaspace       used 53841K, committed 54848K, reserved 1114112K
  class space    used 5468K, committed 5888K, reserved 1048576K
}

Dll operation events (10 events):
Event: 0.098 Loaded shared library c:\Users\Acer\.vscode\extensions\redhat.java-1.36.0-win32-x64\jre\17.0.13-win32-x86_64\bin\java.dll
Event: 1.432 Loaded shared library c:\Users\Acer\.vscode\extensions\redhat.java-1.36.0-win32-x64\jre\17.0.13-win32-x86_64\bin\zip.dll
Event: 1.443 Loaded shared library C:\Users\Acer\.vscode\extensions\redhat.java-1.36.0-win32-x64\jre\17.0.13-win32-x86_64\bin\instrument.dll
Event: 1.481 Loaded shared library C:\Users\Acer\.vscode\extensions\redhat.java-1.36.0-win32-x64\jre\17.0.13-win32-x86_64\bin\net.dll
Event: 1.488 Loaded shared library C:\Users\Acer\.vscode\extensions\redhat.java-1.36.0-win32-x64\jre\17.0.13-win32-x86_64\bin\nio.dll
Event: 1.518 Loaded shared library C:\Users\Acer\.vscode\extensions\redhat.java-1.36.0-win32-x64\jre\17.0.13-win32-x86_64\bin\zip.dll
Event: 1.633 Loaded shared library C:\Users\Acer\.vscode\extensions\redhat.java-1.36.0-win32-x64\jre\17.0.13-win32-x86_64\bin\jimage.dll
Event: 2.184 Loaded shared library c:\Users\Acer\.vscode\extensions\redhat.java-1.36.0-win32-x64\jre\17.0.13-win32-x86_64\bin\verify.dll
Event: 73.250 Loaded shared library C:\Users\Acer\AppData\Roaming\Code\User\globalStorage\redhat.java\1.36.0\config_ss_win\org.eclipse.equinox.launcher\org.eclipse.equinox.launcher.win32.win32.x86_64_1.2.1100.v20240722-2106\eclipse_11904.dll
Event: 79.713 Loaded shared library C:\Users\Acer\AppData\Local\Temp\jna-2034799\jna11994109578359445541.dll

Deoptimization events (20 events):
Event: 731.879 Thread 0x000000d4de1e8800 DEOPT PACKING pc=0x000000d4c6b9cb05 sp=0x000000d4dd7fdd60
Event: 731.879 Thread 0x000000d4de1e8800 DEOPT UNPACKING pc=0x000000d4cd4d6e43 sp=0x000000d4dd7fd2e8 mode 0
Event: 731.923 Thread 0x000000d4de1e8800 DEOPT PACKING pc=0x000000d4c6b9cb05 sp=0x000000d4dd7fdd60
Event: 731.923 Thread 0x000000d4de1e8800 DEOPT UNPACKING pc=0x000000d4cd4d6e43 sp=0x000000d4dd7fd2e8 mode 0
Event: 731.934 Thread 0x000000d4de1e8800 DEOPT PACKING pc=0x000000d4c6b9cb05 sp=0x000000d4dd7fdd60
Event: 731.934 Thread 0x000000d4de1e8800 DEOPT UNPACKING pc=0x000000d4cd4d6e43 sp=0x000000d4dd7fd2e8 mode 0
Event: 731.941 Thread 0x000000d4de1e8800 DEOPT PACKING pc=0x000000d4c6b9cb05 sp=0x000000d4dd7fdd60
Event: 731.941 Thread 0x000000d4de1e8800 DEOPT UNPACKING pc=0x000000d4cd4d6e43 sp=0x000000d4dd7fd2e8 mode 0
Event: 731.955 Thread 0x000000d4de1e8800 DEOPT PACKING pc=0x000000d4c6b9cb05 sp=0x000000d4dd7fdd60
Event: 731.955 Thread 0x000000d4de1e8800 DEOPT UNPACKING pc=0x000000d4cd4d6e43 sp=0x000000d4dd7fd2e8 mode 0
Event: 731.986 Thread 0x000000d4de1e8800 DEOPT PACKING pc=0x000000d4c6b9cb05 sp=0x000000d4dd7fdd60
Event: 731.986 Thread 0x000000d4de1e8800 DEOPT UNPACKING pc=0x000000d4cd4d6e43 sp=0x000000d4dd7fd2e8 mode 0
Event: 733.190 Thread 0x000000d4de1e8800 Uncommon trap: trap_request=0xffffff45 fr.pc=0x000000d4cdc30b24 relative=0x00000000000001e4
Event: 733.190 Thread 0x000000d4de1e8800 Uncommon trap: reason=unstable_if action=reinterpret pc=0x000000d4cdc30b24 method=org.eclipse.jdt.internal.core.ClassFileInfo.generateStandardAnnotationsInfos(Lorg/eclipse/jdt/internal/core/JavaElement;[CJLjava/util/Map;)V @ 66 c2
Event: 733.190 Thread 0x000000d4de1e8800 DEOPT PACKING pc=0x000000d4cdc30b24 sp=0x000000d4dd7fe0d0
Event: 733.190 Thread 0x000000d4de1e8800 DEOPT UNPACKING pc=0x000000d4cd4d66a3 sp=0x000000d4dd7fe060 mode 2
Event: 733.195 Thread 0x000000d4de1e8800 DEOPT PACKING pc=0x000000d4c5f8ad2b sp=0x000000d4dd7fe140
Event: 733.195 Thread 0x000000d4de1e8800 DEOPT UNPACKING pc=0x000000d4cd4d6e43 sp=0x000000d4dd7fd628 mode 0
Event: 733.838 Thread 0x000000d4de1e8800 DEOPT PACKING pc=0x000000d4c6ad0eb6 sp=0x000000d4dd7fdf20
Event: 733.838 Thread 0x000000d4de1e8800 DEOPT UNPACKING pc=0x000000d4cd4d6e43 sp=0x000000d4dd7fd560 mode 0

Classes loaded (20 events):
Event: 275.972 Loading class java/util/regex/Pattern$1
Event: 275.972 Loading class java/util/regex/Pattern$1 done
Event: 276.342 Loading class sun/reflect/misc/ReflectUtil
Event: 276.342 Loading class sun/reflect/misc/ReflectUtil done
Event: 400.688 Loading class java/util/stream/Nodes$CollectorTask$OfRef
Event: 400.690 Loading class java/util/stream/Nodes$CollectorTask
Event: 400.690 Loading class java/util/stream/AbstractTask
Event: 400.691 Loading class java/util/stream/AbstractTask done
Event: 400.691 Loading class java/util/stream/Nodes$CollectorTask done
Event: 400.691 Loading class java/util/stream/Nodes$CollectorTask$OfRef done
Event: 400.692 Loading class java/util/function/LongFunction
Event: 400.692 Loading class java/util/function/LongFunction done
Event: 400.693 Loading class java/util/stream/Nodes$ConcNode
Event: 400.693 Loading class java/util/stream/Nodes$AbstractConcNode
Event: 400.693 Loading class java/util/stream/Nodes$AbstractConcNode done
Event: 400.693 Loading class java/util/stream/Nodes$ConcNode done
Event: 400.696 Loading class java/util/stream/Nodes$ToArrayTask$OfRef
Event: 400.696 Loading class java/util/stream/Nodes$ToArrayTask
Event: 400.697 Loading class java/util/stream/Nodes$ToArrayTask done
Event: 400.697 Loading class java/util/stream/Nodes$ToArrayTask$OfRef done

Classes unloaded (20 events):
Event: 732.063 Thread 0x000000d4c5f4eb30 Unloading class 0x0000000100420400 'java/lang/invoke/LambdaForm$MH+0x0000000100420400'
Event: 732.063 Thread 0x000000d4c5f4eb30 Unloading class 0x000000010041f800 'java/lang/invoke/LambdaForm$MH+0x000000010041f800'
Event: 732.063 Thread 0x000000d4c5f4eb30 Unloading class 0x000000010041ec00 'java/lang/invoke/LambdaForm$DMH+0x000000010041ec00'
Event: 732.063 Thread 0x000000d4c5f4eb30 Unloading class 0x000000010041e800 'java/lang/invoke/LambdaForm$MH+0x000000010041e800'
Event: 732.063 Thread 0x000000d4c5f4eb30 Unloading class 0x000000010041e000 'java/lang/invoke/LambdaForm$MH+0x000000010041e000'
Event: 732.063 Thread 0x000000d4c5f4eb30 Unloading class 0x000000010041dc00 'java/lang/invoke/LambdaForm$MH+0x000000010041dc00'
Event: 732.063 Thread 0x000000d4c5f4eb30 Unloading class 0x000000010041d800 'java/lang/invoke/LambdaForm$MH+0x000000010041d800'
Event: 732.063 Thread 0x000000d4c5f4eb30 Unloading class 0x000000010041a000 'java/lang/invoke/LambdaForm$MH+0x000000010041a000'
Event: 732.063 Thread 0x000000d4c5f4eb30 Unloading class 0x0000000100419000 'java/lang/invoke/LambdaForm$MH+0x0000000100419000'
Event: 732.063 Thread 0x000000d4c5f4eb30 Unloading class 0x0000000100418c00 'java/lang/invoke/LambdaForm$MH+0x0000000100418c00'
Event: 732.063 Thread 0x000000d4c5f4eb30 Unloading class 0x0000000100418400 'java/lang/invoke/LambdaForm$MH+0x0000000100418400'
Event: 732.063 Thread 0x000000d4c5f4eb30 Unloading class 0x0000000100417c00 'java/lang/invoke/LambdaForm$MH+0x0000000100417c00'
Event: 732.063 Thread 0x000000d4c5f4eb30 Unloading class 0x0000000100416c00 'java/lang/invoke/LambdaForm$MH+0x0000000100416c00'
Event: 732.063 Thread 0x000000d4c5f4eb30 Unloading class 0x0000000100416800 'java/lang/invoke/LambdaForm$DMH+0x0000000100416800'
Event: 732.063 Thread 0x000000d4c5f4eb30 Unloading class 0x0000000100416400 'java/lang/invoke/LambdaForm$MH+0x0000000100416400'
Event: 732.063 Thread 0x000000d4c5f4eb30 Unloading class 0x0000000100415c00 'java/lang/invoke/LambdaForm$DMH+0x0000000100415c00'
Event: 732.063 Thread 0x000000d4c5f4eb30 Unloading class 0x0000000100415400 'java/lang/invoke/LambdaForm$DMH+0x0000000100415400'
Event: 732.063 Thread 0x000000d4c5f4eb30 Unloading class 0x0000000100414400 'java/lang/invoke/LambdaForm$DMH+0x0000000100414400'
Event: 732.063 Thread 0x000000d4c5f4eb30 Unloading class 0x0000000100400400 'java/lang/invoke/LambdaForm$DMH+0x0000000100400400'
Event: 732.063 Thread 0x000000d4c5f4eb30 Unloading class 0x0000000100400800 'java/lang/invoke/LambdaForm$DMH+0x0000000100400800'

Classes redefined (0 events):
No events

Internal exceptions (20 events):
Event: 105.478 Thread 0x000000d4de1e7de0 Exception <a 'java/lang/NoSuchMethodError'{0x00000000ebac88c0}: 'int java.lang.invoke.DirectMethodHandle$Holder.invokeStatic(java.lang.Object, int, java.lang.Object)'> (0x00000000ebac88c0) 
thrown [s\src\hotspot\share\interpreter\linkResolver.cpp, line 759]
Event: 106.220 Thread 0x000000d4de1e7de0 Implicit null exception at 0x000000d4cdcecfb7 to 0x000000d4cdced134
Event: 111.585 Thread 0x000000d4dce4f570 Exception <a 'java/lang/NoSuchMethodError'{0x00000000eaf40f58}: 'int java.lang.invoke.DirectMethodHandle$Holder.invokeSpecialIFC(java.lang.Object, java.lang.Object, java.lang.Object)'> (0x00000000eaf40f58) 
thrown [s\src\hotspot\share\interpreter\linkResolver.cpp, line 759]
Event: 112.292 Thread 0x000000d4dce4f570 Exception <a 'java/lang/NoSuchMethodError'{0x00000000eb21b210}: 'java.lang.Object java.lang.invoke.DirectMethodHandle$Holder.newInvokeSpecial(java.lang.Object, java.lang.Object, int, int, java.lang.Object)'> (0x00000000eb21b210) 
thrown [s\src\hotspot\share\interpreter\linkResolver.cpp, line 759]
Event: 114.647 Thread 0x000000d4dce4f570 Exception <a 'sun/nio/fs/WindowsException'{0x00000000eb666708}> (0x00000000eb666708) 
thrown [s\src\hotspot\share\prims\jni.cpp, line 516]
Event: 114.650 Thread 0x000000d4dce4f570 Exception <a 'sun/nio/fs/WindowsException'{0x00000000eb666d40}> (0x00000000eb666d40) 
thrown [s\src\hotspot\share\prims\jni.cpp, line 516]
Event: 273.566 Thread 0x000000d4de1e8800 Exception <a 'java/lang/ArrayIndexOutOfBoundsException'{0x00000000ebd7f690}: Index 39 out of bounds for length 39> (0x00000000ebd7f690) 
thrown [s\src\hotspot\share\interpreter\interpreterRuntime.cpp, line 428]
Event: 273.567 Thread 0x000000d4de1e8800 Exception <a 'java/lang/ArrayIndexOutOfBoundsException'{0x00000000ebd7fa18}: Index 39 out of bounds for length 39> (0x00000000ebd7fa18) 
thrown [s\src\hotspot\share\interpreter\interpreterRuntime.cpp, line 428]
Event: 273.567 Thread 0x000000d4de1e8800 Exception <a 'java/lang/ArrayIndexOutOfBoundsException'{0x00000000ebd7fda0}: Index 40 out of bounds for length 39> (0x00000000ebd7fda0) 
thrown [s\src\hotspot\share\interpreter\interpreterRuntime.cpp, line 428]
Event: 275.655 Thread 0x000000d4de1e8800 Exception <a 'java/lang/NoSuchMethodError'{0x00000000ead09130}: 'void java.lang.invoke.DirectMethodHandle$Holder.invokeSpecial(java.lang.Object, java.lang.Object, int)'> (0x00000000ead09130) 
thrown [s\src\hotspot\share\interpreter\linkResolver.cpp, line 759]
Event: 275.825 Thread 0x000000d4de1e8800 Exception <a 'java/lang/NoSuchMethodError'{0x00000000eaff9f78}: 'java.lang.Object java.lang.invoke.DirectMethodHandle$Holder.invokeSpecial(java.lang.Object, java.lang.Object, long, java.lang.Object, java.lang.Object, java.lang.Object, java.lang.Object, java.lang.Object, java.lang.Object, java.lang.Object, java.lang.Object, java.lang.Object)'> (0x00000000eaff9f78) 
thrown [s\src\hotspot\share\interpreter\linkResolver.cpp, line 759]
Event: 275.825 Thread 0x000000d4de1e8800 Exception <a 'java/lang/NoSuchMethodError'{0x00000000eaffe4c0}: 'java.lang.Object java.lang.invoke.DelegatingMethodHandle$Holder.reinvoke_L(java.lang.Object, long, java.lang.Object, java.lang.Object, java.lang.Object, java.lang.Object, java.lang.Object, java.lang.Object, java.lang.Object, java.lang.Object, java.lang.Object)'> (0x00000000eaffe4c0) 
thrown [s\src\hotspot\share\interpreter\linkResolver.cpp, line 759]
Event: 275.851 Thread 0x000000d4de1e8800 Exception <a 'java/lang/NoSuchMethodError'{0x00000000eb02c328}: 'java.lang.Object java.lang.invoke.DirectMethodHandle$Holder.invokeSpecial(java.lang.Object, java.lang.Object, java.lang.Object, java.lang.Object, java.lang.Object, java.lang.Object, java.lang.Object, java.lang.Object, java.lang.Object, java.lang.Object, java.lang.Object)'> (0x00000000eb02c328) 
thrown [s\src\hotspot\share\interpreter\linkResolver.cpp, line 759]
Event: 275.853 Thread 0x000000d4de1e8800 Exception <a 'java/lang/NoSuchMethodError'{0x00000000eb030ae0}: 'java.lang.Object java.lang.invoke.Invokers$Holder.linkToTargetMethod(java.lang.Object, java.lang.Object, java.lang.Object, java.lang.Object, java.lang.Object, java.lang.Object, java.lang.Object, java.lang.Object, java.lang.Object, java.lang.Object)'> (0x00000000eb030ae0) 
thrown [s\src\hotspot\share\interpreter\linkResolver.cpp, line 759]
Event: 400.716 Thread 0x000000d4dce4f570 Exception <a 'java/lang/NoSuchMethodError'{0x00000000ebf68380}: 'java.lang.Object java.lang.invoke.DirectMethodHandle$Holder.newInvokeSpecial(java.lang.Object, java.lang.Object, java.lang.Object, java.lang.Object, java.lang.Object, java.lang.Object, java.lang.Object, java.lang.Object)'> (0x00000000ebf68380) 
thrown [s\src\hotspot\share\interpreter\linkResolver.cpp, line 759]
Event: 400.717 Thread 0x000000d4dce4f570 Exception <a 'java/lang/NoSuchMethodError'{0x00000000ebf6d040}: 'java.lang.Object java.lang.invoke.DirectMethodHandle$Holder.invokeSpecial(java.lang.Object, java.lang.Object, java.lang.Object, java.lang.Object, java.lang.Object, java.lang.Object, java.lang.Object, java.lang.Object, java.lang.Object)'> (0x00000000ebf6d040) 
thrown [s\src\hotspot\share\interpreter\linkResolver.cpp, line 759]
Event: 400.718 Thread 0x000000d4dce4f570 Exception <a 'java/lang/NoSuchMethodError'{0x00000000ebf716a8}: 'java.lang.Object java.lang.invoke.Invokers$Holder.linkToTargetMethod(java.lang.Object, java.lang.Object, java.lang.Object, java.lang.Object, java.lang.Object, java.lang.Object, java.lang.Object, java.lang.Object)'> (0x00000000ebf716a8) 
thrown [s\src\hotspot\share\interpreter\linkResolver.cpp, line 759]
Event: 730.342 Thread 0x000000d4de1e8800 Exception <a 'java/lang/ArrayIndexOutOfBoundsException'{0x00000000ec06c3b8}: Index 44 out of bounds for length 44> (0x00000000ec06c3b8) 
thrown [s\src\hotspot\share\interpreter\interpreterRuntime.cpp, line 428]
Event: 730.342 Thread 0x000000d4de1e8800 Exception <a 'java/lang/ArrayIndexOutOfBoundsException'{0x00000000ec06c740}: Index 44 out of bounds for length 44> (0x00000000ec06c740) 
thrown [s\src\hotspot\share\interpreter\interpreterRuntime.cpp, line 428]
Event: 730.342 Thread 0x000000d4de1e8800 Exception <a 'java/lang/ArrayIndexOutOfBoundsException'{0x00000000ec06cac8}: Index 45 out of bounds for length 44> (0x00000000ec06cac8) 
thrown [s\src\hotspot\share\interpreter\interpreterRuntime.cpp, line 428]

VM Operations (20 events):
Event: 730.358 Executing VM operation: ParallelGCFailedAllocation
Event: 730.385 Executing VM operation: ParallelGCFailedAllocation done
Event: 730.838 Executing VM operation: ParallelGCFailedAllocation
Event: 730.852 Executing VM operation: ParallelGCFailedAllocation done
Event: 731.125 Executing VM operation: ParallelGCFailedAllocation
Event: 731.137 Executing VM operation: ParallelGCFailedAllocation done
Event: 731.373 Executing VM operation: ParallelGCFailedAllocation
Event: 731.385 Executing VM operation: ParallelGCFailedAllocation done
Event: 731.598 Executing VM operation: ParallelGCFailedAllocation
Event: 731.610 Executing VM operation: ParallelGCFailedAllocation done
Event: 731.991 Executing VM operation: ParallelGCFailedAllocation
Event: 732.448 Executing VM operation: ParallelGCFailedAllocation done
Event: 732.901 Executing VM operation: ParallelGCFailedAllocation
Event: 733.066 Executing VM operation: ParallelGCFailedAllocation done
Event: 733.451 Executing VM operation: ParallelGCFailedAllocation
Event: 733.618 Executing VM operation: ParallelGCFailedAllocation done
Event: 733.847 Executing VM operation: ParallelGCFailedAllocation
Event: 734.002 Executing VM operation: ParallelGCFailedAllocation done
Event: 734.089 Executing VM operation: ParallelGCFailedAllocation
Event: 734.285 Executing VM operation: ParallelGCFailedAllocation done

Memory protections (0 events):
No events

Nmethod flushes (20 events):
Event: 111.977 Thread 0x000000d4dc0733a0 flushing  nmethod 0x000000d4c68a4410
Event: 111.977 Thread 0x000000d4dc0733a0 flushing  nmethod 0x000000d4c68a4910
Event: 111.977 Thread 0x000000d4dc0733a0 flushing  nmethod 0x000000d4c68b4f90
Event: 111.977 Thread 0x000000d4dc0733a0 flushing  nmethod 0x000000d4c68c1390
Event: 111.977 Thread 0x000000d4dc0733a0 flushing  nmethod 0x000000d4c68d8910
Event: 111.977 Thread 0x000000d4dc0733a0 flushing  nmethod 0x000000d4c68daa90
Event: 111.977 Thread 0x000000d4dc0733a0 flushing  nmethod 0x000000d4c68db510
Event: 111.978 Thread 0x000000d4dc0733a0 flushing  nmethod 0x000000d4c68e1e10
Event: 111.978 Thread 0x000000d4dc0733a0 flushing  nmethod 0x000000d4c68e3010
Event: 111.978 Thread 0x000000d4dc0733a0 flushing  nmethod 0x000000d4c68e5d10
Event: 111.978 Thread 0x000000d4dc0733a0 flushing  nmethod 0x000000d4c68eed90
Event: 111.978 Thread 0x000000d4dc0733a0 flushing  nmethod 0x000000d4c68ef110
Event: 111.978 Thread 0x000000d4dc0733a0 flushing  nmethod 0x000000d4c6968890
Event: 111.979 Thread 0x000000d4dc0733a0 flushing  nmethod 0x000000d4c69ad990
Event: 111.979 Thread 0x000000d4dc0733a0 flushing  nmethod 0x000000d4c69bed90
Event: 111.979 Thread 0x000000d4dc0733a0 flushing  nmethod 0x000000d4c6a07690
Event: 111.979 Thread 0x000000d4dc0733a0 flushing  nmethod 0x000000d4c6a14b90
Event: 111.979 Thread 0x000000d4dc0733a0 flushing  nmethod 0x000000d4c6a24890
Event: 111.980 Thread 0x000000d4dc0733a0 flushing  nmethod 0x000000d4c6a58d10
Event: 380.119 Thread 0x000000d4dc0733a0 flushing  nmethod 0x000000d4c68f0110

Events (20 events):
Event: 174.549 Thread 0x000000d4de1ea660 Thread exited: 0x000000d4de1ea660
Event: 225.139 Thread 0x000000d4de1e9c40 Thread exited: 0x000000d4de1e9c40
Event: 274.240 Thread 0x000000d4dc06f980 Thread added: 0x000000d4dc3fd520
Event: 283.515 Thread 0x000000d4dc3fd520 Thread exited: 0x000000d4dc3fd520
Event: 285.145 Thread 0x000000d4de1e9220 Thread exited: 0x000000d4de1e9220
Event: 345.159 Thread 0x000000d4de1e8d10 Thread exited: 0x000000d4de1e8d10
Event: 376.523 Thread 0x000000d4de1e6490 Thread exited: 0x000000d4de1e6490
Event: 400.684 Thread 0x000000d4dce4f570 Thread added: 0x000000d4de1e8d10
Event: 400.695 Thread 0x000000d4de1e8d10 Thread added: 0x000000d4de1e6490
Event: 400.696 Thread 0x000000d4de1e8d10 Thread added: 0x000000d4de1ebfb0
Event: 400.698 Thread 0x000000d4de1e6490 Thread exited: 0x000000d4de1e6490
Event: 400.699 Thread 0x000000d4de1ebfb0 Thread exited: 0x000000d4de1ebfb0
Event: 400.699 Thread 0x000000d4de1e8d10 Thread exited: 0x000000d4de1e8d10
Event: 405.539 Thread 0x000000d4de1ea150 Thread exited: 0x000000d4de1ea150
Event: 405.540 Thread 0x000000d4de1e78d0 Thread exited: 0x000000d4de1e78d0
Event: 414.645 Thread 0x000000d4de1e69a0 Thread exited: 0x000000d4de1e69a0
Event: 414.661 Thread 0x000000d4de1e6eb0 Thread exited: 0x000000d4de1e6eb0
Event: 436.536 Thread 0x000000d4de1e8800 Thread exited: 0x000000d4de1e8800
Event: 730.274 Thread 0x000000d4de1e73c0 Thread added: 0x000000d4de1e8800
Event: 730.525 Thread 0x000000d4dc06f980 Thread added: 0x000000d4dc3fd520


Dynamic libraries:
0x00007ff7eba50000 - 0x00007ff7eba5e000 	c:\Users\Acer\.vscode\extensions\redhat.java-1.36.0-win32-x64\jre\17.0.13-win32-x86_64\bin\java.exe
0x00007ff80dca0000 - 0x00007ff80df00000 	C:\WINDOWS\SYSTEM32\ntdll.dll
0x00007ff80d120000 - 0x00007ff80d1e8000 	C:\WINDOWS\System32\KERNEL32.DLL
0x00007ff80b1b0000 - 0x00007ff80b565000 	C:\WINDOWS\System32\KERNELBASE.dll
0x00007ff806a50000 - 0x00007ff806aed000 	C:\WINDOWS\SYSTEM32\apphelp.dll
0x00007ff80b850000 - 0x00007ff80b9a3000 	C:\WINDOWS\System32\ucrtbase.dll
0x00007ffff6cc0000 - 0x00007ffff6cd7000 	c:\Users\Acer\.vscode\extensions\redhat.java-1.36.0-win32-x64\jre\17.0.13-win32-x86_64\bin\jli.dll
0x00007ff80cae0000 - 0x00007ff80ccaa000 	C:\WINDOWS\System32\USER32.dll
0x00007ff80b180000 - 0x00007ff80b1a7000 	C:\WINDOWS\System32\win32u.dll
0x00007ff80d0e0000 - 0x00007ff80d112000 	C:\WINDOWS\System32\GDI32.dll
0x00007ff80b6c0000 - 0x00007ff80b7dd000 	C:\WINDOWS\System32\gdi32full.dll
0x00007ff80b610000 - 0x00007ff80b6b3000 	C:\WINDOWS\System32\msvcp_win.dll
0x00007fffeeda0000 - 0x00007fffeedbe000 	c:\Users\Acer\.vscode\extensions\redhat.java-1.36.0-win32-x64\jre\17.0.13-win32-x86_64\bin\VCRUNTIME140.dll
0x00007ffff1f10000 - 0x00007ffff21a1000 	C:\WINDOWS\WinSxS\amd64_microsoft.windows.common-controls_6595b64144ccf1df_6.0.27749.1000_none_15dddc49543b5de2\COMCTL32.dll
0x00007ff80bd50000 - 0x00007ff80bdf9000 	C:\WINDOWS\System32\msvcrt.dll
0x00007ff80bbd0000 - 0x00007ff80bbff000 	C:\WINDOWS\System32\IMM32.DLL
0x00007ff804440000 - 0x00007ff80444c000 	c:\Users\Acer\.vscode\extensions\redhat.java-1.36.0-win32-x64\jre\17.0.13-win32-x86_64\bin\vcruntime140_1.dll
0x00007fffde250000 - 0x00007fffde2dd000 	c:\Users\Acer\.vscode\extensions\redhat.java-1.36.0-win32-x64\jre\17.0.13-win32-x86_64\bin\msvcp140.dll
0x00007fffc9f90000 - 0x00007fffcabfb000 	c:\Users\Acer\.vscode\extensions\redhat.java-1.36.0-win32-x64\jre\17.0.13-win32-x86_64\bin\server\jvm.dll
0x00007ff80d200000 - 0x00007ff80d2b2000 	C:\WINDOWS\System32\ADVAPI32.dll
0x00007ff80cfb0000 - 0x00007ff80d057000 	C:\WINDOWS\System32\sechost.dll
0x00007ff80c510000 - 0x00007ff80c62a000 	C:\WINDOWS\System32\RPCRT4.dll
0x00007ff80d060000 - 0x00007ff80d0d4000 	C:\WINDOWS\System32\WS2_32.dll
0x00007ff809cf0000 - 0x00007ff809d4c000 	C:\WINDOWS\SYSTEM32\POWRPROF.dll
0x00007ffff7c10000 - 0x00007ffff7c46000 	C:\WINDOWS\SYSTEM32\WINMM.dll
0x00007ff800640000 - 0x00007ff80064b000 	C:\WINDOWS\SYSTEM32\VERSION.dll
0x00007ff809cd0000 - 0x00007ff809ce4000 	C:\WINDOWS\SYSTEM32\UMPDC.dll
0x00007ff809fa0000 - 0x00007ff809fba000 	C:\WINDOWS\SYSTEM32\kernel.appcore.dll
0x00007ff8025e0000 - 0x00007ff8025ea000 	c:\Users\Acer\.vscode\extensions\redhat.java-1.36.0-win32-x64\jre\17.0.13-win32-x86_64\bin\jimage.dll
0x00007ff807ca0000 - 0x00007ff807efc000 	C:\WINDOWS\SYSTEM32\DBGHELP.DLL
0x00007ff80c630000 - 0x00007ff80c9af000 	C:\WINDOWS\System32\combase.dll
0x00007ff80bc70000 - 0x00007ff80bd46000 	C:\WINDOWS\System32\OLEAUT32.dll
0x00007ffff29d0000 - 0x00007ffff2a09000 	C:\WINDOWS\SYSTEM32\dbgcore.DLL
0x00007ff80b570000 - 0x00007ff80b607000 	C:\WINDOWS\System32\bcryptPrimitives.dll
0x00007ffffb140000 - 0x00007ffffb14e000 	c:\Users\Acer\.vscode\extensions\redhat.java-1.36.0-win32-x64\jre\17.0.13-win32-x86_64\bin\instrument.dll
0x00007fffeb1c0000 - 0x00007fffeb1e5000 	c:\Users\Acer\.vscode\extensions\redhat.java-1.36.0-win32-x64\jre\17.0.13-win32-x86_64\bin\java.dll
0x00007fffeba40000 - 0x00007fffeba58000 	c:\Users\Acer\.vscode\extensions\redhat.java-1.36.0-win32-x64\jre\17.0.13-win32-x86_64\bin\zip.dll
0x00007ff80be00000 - 0x00007ff80c4fe000 	C:\WINDOWS\System32\SHELL32.dll
0x00007ff808d70000 - 0x00007ff80959e000 	C:\WINDOWS\SYSTEM32\windows.storage.dll
0x00007ff80ced0000 - 0x00007ff80cfaa000 	C:\WINDOWS\System32\SHCORE.dll
0x00007ff80baf0000 - 0x00007ff80bb4d000 	C:\WINDOWS\System32\shlwapi.dll
0x00007ff80af10000 - 0x00007ff80af3e000 	C:\WINDOWS\SYSTEM32\profapi.dll
0x00007fffeb7a0000 - 0x00007fffeb7b9000 	C:\Users\Acer\.vscode\extensions\redhat.java-1.36.0-win32-x64\jre\17.0.13-win32-x86_64\bin\net.dll
0x00007ff802ef0000 - 0x00007ff80301c000 	C:\WINDOWS\SYSTEM32\WINHTTP.dll
0x00007ff80b7e0000 - 0x00007ff80b848000 	C:\WINDOWS\System32\mswsock.dll
0x00007fffeb220000 - 0x00007fffeb236000 	C:\Users\Acer\.vscode\extensions\redhat.java-1.36.0-win32-x64\jre\17.0.13-win32-x86_64\bin\nio.dll
0x00007ff804c70000 - 0x00007ff804c80000 	c:\Users\Acer\.vscode\extensions\redhat.java-1.36.0-win32-x64\jre\17.0.13-win32-x86_64\bin\verify.dll
0x00007fffe4b40000 - 0x00007fffe4b85000 	C:\Users\Acer\AppData\Roaming\Code\User\globalStorage\redhat.java\1.36.0\config_ss_win\org.eclipse.equinox.launcher\org.eclipse.equinox.launcher.win32.win32.x86_64_1.2.1100.v20240722-2106\eclipse_11904.dll
0x00007ff80cd30000 - 0x00007ff80cec9000 	C:\WINDOWS\System32\ole32.dll
0x00007ff80a6d0000 - 0x00007ff80a6ea000 	C:\WINDOWS\SYSTEM32\CRYPTSP.dll
0x00007ff809f00000 - 0x00007ff809f37000 	C:\WINDOWS\system32\rsaenh.dll
0x00007ff80a4d0000 - 0x00007ff80a4fb000 	C:\WINDOWS\SYSTEM32\USERENV.dll
0x00007ff80a930000 - 0x00007ff80a956000 	C:\WINDOWS\SYSTEM32\bcrypt.dll
0x00007ff80a6f0000 - 0x00007ff80a6fc000 	C:\WINDOWS\SYSTEM32\CRYPTBASE.dll
0x00007ff809920000 - 0x00007ff809951000 	C:\WINDOWS\SYSTEM32\IPHLPAPI.DLL
0x00007ff80d1f0000 - 0x00007ff80d1fa000 	C:\WINDOWS\System32\NSI.dll
0x00007ff802950000 - 0x00007ff80296d000 	C:\WINDOWS\SYSTEM32\dhcpcsvc6.DLL
0x00007ff802920000 - 0x00007ff802945000 	C:\WINDOWS\SYSTEM32\dhcpcsvc.DLL
0x00007ff809a10000 - 0x00007ff809b38000 	C:\WINDOWS\SYSTEM32\DNSAPI.dll
0x00007fffe2130000 - 0x00007fffe2179000 	C:\Users\Acer\AppData\Local\Temp\jna-2034799\jna11994109578359445541.dll
0x00007ff80d370000 - 0x00007ff80d378000 	C:\WINDOWS\System32\PSAPI.DLL

dbghelp: loaded successfully - version: 4.0.5 - missing functions: none
symbol engine: initialized successfully - sym options: 0x614 - pdb path: .;c:\Users\Acer\.vscode\extensions\redhat.java-1.36.0-win32-x64\jre\17.0.13-win32-x86_64\bin;C:\WINDOWS\SYSTEM32;C:\WINDOWS\WinSxS\amd64_microsoft.windows.common-controls_6595b64144ccf1df_6.0.27749.1000_none_15dddc49543b5de2;c:\Users\Acer\.vscode\extensions\redhat.java-1.36.0-win32-x64\jre\17.0.13-win32-x86_64\bin\server;C:\Users\Acer\AppData\Roaming\Code\User\globalStorage\redhat.java\1.36.0\config_ss_win\org.eclipse.equinox.launcher\org.eclipse.equinox.launcher.win32.win32.x86_64_1.2.1100.v20240722-2106;C:\Users\Acer\AppData\Local\Temp\jna-2034799

VM Arguments:
jvm_args: --add-modules=ALL-SYSTEM --add-opens=java.base/java.util=ALL-UNNAMED --add-opens=java.base/java.lang=ALL-UNNAMED --add-opens=java.base/sun.nio.fs=ALL-UNNAMED -Declipse.application=org.eclipse.jdt.ls.core.id1 -Dosgi.bundles.defaultStartLevel=4 -Declipse.product=org.eclipse.jdt.ls.core.product -Djava.import.generatesMetadataFilesAtProjectRoot=false -DDetectVMInstallationsJob.disabled=true -Dfile.encoding=utf8 -XX:+UseParallelGC -XX:GCTimeRatio=4 -XX:AdaptiveSizePolicyWeight=90 -Dsun.zip.disableMemoryMapping=true -Xmx1G -Xms100m -Xlog:disable -javaagent:c:\Users\Acer\.vscode\extensions\redhat.java-1.36.0-win32-x64\lombok\lombok-1.18.35.jar 
java_command: c:\Users\Acer\.vscode\extensions\redhat.java-1.36.0-win32-x64\server\plugins\org.eclipse.equinox.launcher_1.6.900.v20240613-2009.jar -configuration c:\Users\Acer\AppData\Roaming\Code\User\globalStorage\redhat.java\1.36.0\config_ss_win -data c:\Users\Acer\AppData\Roaming\Code\User\workspaceStorage\3599431ab96410157c4ac57fe2722e92\redhat.java\ss_ws --pipe=\\.\pipe\lsp-ce7f5a0ab5eba1b3309b9d3963555796-sock
java_class_path (initial): c:\Users\Acer\.vscode\extensions\redhat.java-1.36.0-win32-x64\server\plugins\org.eclipse.equinox.launcher_1.6.900.v20240613-2009.jar
Launcher Type: SUN_STANDARD

[Global flags]
    uintx AdaptiveSizePolicyWeight                 = 90                                        {product} {command line}
     intx CICompilerCount                          = 3                                         {product} {ergonomic}
    uintx GCTimeRatio                              = 4                                         {product} {command line}
   size_t InitialHeapSize                          = 104857600                                 {product} {command line}
   size_t MaxHeapSize                              = 1073741824                                {product} {command line}
   size_t MaxNewSize                               = 357564416                                 {product} {ergonomic}
   size_t MinHeapDeltaBytes                        = 524288                                    {product} {ergonomic}
   size_t MinHeapSize                              = 104857600                                 {product} {command line}
   size_t NewSize                                  = 34603008                                  {product} {ergonomic}
    uintx NonNMethodCodeHeapSize                   = 5832780                                {pd product} {ergonomic}
    uintx NonProfiledCodeHeapSize                  = 122912730                              {pd product} {ergonomic}
   size_t OldSize                                  = 70254592                                  {product} {ergonomic}
    uintx ProfiledCodeHeapSize                     = 122912730                              {pd product} {ergonomic}
    uintx ReservedCodeCacheSize                    = 251658240                              {pd product} {ergonomic}
     bool SegmentedCodeCache                       = true                                      {product} {ergonomic}
   size_t SoftMaxHeapSize                          = 1073741824                             {manageable} {ergonomic}
     bool UseCompressedClassPointers               = true                           {product lp64_product} {ergonomic}
     bool UseCompressedOops                        = true                           {product lp64_product} {ergonomic}
     bool UseLargePagesIndividualAllocation        = false                                  {pd product} {ergonomic}
     bool UseParallelGC                            = true                                      {product} {command line}

Logging:
Log output configuration:
 #0: stdout all=off uptime,level,tags
 #1: stderr all=off uptime,level,tags

Environment Variables:
JAVA_HOME=C:\Program Files\Java\jdk-21
PATH=C:\Program Files\Common Files\Oracle\Java\javapath;C:\WINDOWS\system32;C:\WINDOWS;C:\WINDOWS\System32\Wbem;C:\WINDOWS\System32\WindowsPowerShell\v1.0\;C:\WINDOWS\System32\OpenSSH\;C:\Program Files\Java\jdk-21\bin;C:\Program Files\MySQL\MySQL Server 8.0\bin;C:\Program Files\Git\cmd;C:\Program Files\MongoDB\Server\8.0\bin;C:\Program Files\mongosh\mongosh-2.3.3-win32-x64\bin;C:\Program Files\MySQL\MySQL Shell 8.0\bin\;C:\Users\Acer\AppData\Local\Microsoft\WindowsApps;;C:\Users\Acer\AppData\Local\Programs\Microsoft VS Code\bin;C:\Program Files\JetBrains\IntelliJ IDEA Community Edition 2024.1.4\bin;;C:\Users\Acer\AppData\Local\Programs\mongosh\
USERNAME=Acer
OS=Windows_NT
PROCESSOR_IDENTIFIER=Intel64 Family 6 Model 142 Stepping 9, GenuineIntel
TMP=C:\Users\Acer\AppData\Local\Temp
TEMP=C:\Users\Acer\AppData\Local\Temp



Periodic native trim disabled


---------------  S Y S T E M  ---------------

OS:
 Windows 11 , 64 bit Build 27749 (10.0.27749.1000)
OS uptime: 1 days 0:35 hours
Hyper-V role detected

CPU: total 4 (initial active 4) (2 cores per cpu, 2 threads per core) family 6 model 142 stepping 9 microcode 0xde, cx8, cmov, fxsr, ht, mmx, 3dnowpref, sse, sse2, sse3, ssse3, sse4.1, sse4.2, popcnt, lzcnt, tsc, tscinvbit, avx, avx2, aes, erms, clmul, bmi1, bmi2, adx, fma, vzeroupper, clflush, clflushopt, hv
Processor Information for processor 0
  Max Mhz: 2712, Current Mhz: 2712, Mhz Limit: 2495
Processor Information for processor 1
  Max Mhz: 2712, Current Mhz: 1506, Mhz Limit: 2495
Processor Information for processor 2
  Max Mhz: 2712, Current Mhz: 1506, Mhz Limit: 2495
Processor Information for processor 3
  Max Mhz: 2712, Current Mhz: 2712, Mhz Limit: 2495

Memory: 4k page, system-wide physical 8043M (894M free)
TotalPageFile size 32619M (AvailPageFile size 3M)
current process WorkingSet (physical memory assigned to process): 287M, peak: 288M
current process commit charge ("private bytes"): 312M, peak: 935M

vm_info: OpenJDK 64-Bit Server VM (17.0.13+11) for windows-amd64 JRE (17.0.13+11), built on Oct 16 2024 00:10:08 by "admin" with MS VC++ 17.7 (VS2022)

END.
