#
# There is insufficient memory for the Java Runtime Environment to continue.
# Native memory allocation (malloc) failed to allocate 1173776 bytes. Error detail: Chunk::new
# Possible reasons:
#   The system is out of physical RAM or swap space
#   This process is running with CompressedOops enabled, and the Java Heap may be blocking the growth of the native heap
# Possible solutions:
#   Reduce memory load on the system
#   Increase physical memory or swap space
#   Check if swap backing store is full
#   Decrease Java heap size (-Xmx/-Xms)
#   Decrease number of Java threads
#   Decrease Java thread stack sizes (-Xss)
#   Set larger code cache with -XX:ReservedCodeCacheSize=
#   JVM is running with Unscaled Compressed Oops mode in which the Java heap is
#     placed in the first 4GB address space. The Java Heap base address is the
#     maximum limit for the native heap growth. Please use -XX:HeapBaseMinAddress
#     to set the Java Heap base and to place the Java Heap above 4GB virtual address.
# This output file may be truncated or incomplete.
#
#  Out of Memory Error (arena.cpp:191), pid=11520, tid=9100
#
# JRE version: OpenJDK Runtime Environment Temurin-17.0.13+11 (17.0.13+11) (build 17.0.13+11)
# Java VM: OpenJDK 64-Bit Server VM Temurin-17.0.13+11 (17.0.13+11, mixed mode, tiered, compressed oops, compressed class ptrs, parallel gc, windows-amd64)
# No core dump will be written. Minidumps are not enabled by default on client versions of Windows
#

---------------  S U M M A R Y ------------

Command Line: --add-modules=ALL-SYSTEM --add-opens=java.base/java.util=ALL-UNNAMED --add-opens=java.base/java.lang=ALL-UNNAMED --add-opens=java.base/sun.nio.fs=ALL-UNNAMED -Declipse.application=org.eclipse.jdt.ls.core.id1 -Dosgi.bundles.defaultStartLevel=4 -Declipse.product=org.eclipse.jdt.ls.core.product -Djava.import.generatesMetadataFilesAtProjectRoot=false -DDetectVMInstallationsJob.disabled=true -Dfile.encoding=utf8 -XX:+UseParallelGC -XX:GCTimeRatio=4 -XX:AdaptiveSizePolicyWeight=90 -Dsun.zip.disableMemoryMapping=true -Xmx1G -Xms100m -Xlog:disable -javaagent:c:\Users\Acer\.vscode\extensions\redhat.java-1.36.0-win32-x64\lombok\lombok-1.18.35.jar -XX:+HeapDumpOnOutOfMemoryError -XX:HeapDumpPath=c:\Users\Acer\AppData\Roaming\Code\User\workspaceStorage\3599431ab96410157c4ac57fe2722e92\redhat.java -Daether.dependencyCollector.impl=bf c:\Users\Acer\.vscode\extensions\redhat.java-1.36.0-win32-x64\server\plugins\org.eclipse.equinox.launcher_1.6.900.v20240613-2009.jar -configuration c:\Users\Acer\AppData\Roaming\Code\User\globalStorage\redhat.java\1.36.0\config_win -data c:\Users\Acer\AppData\Roaming\Code\User\workspaceStorage\3599431ab96410157c4ac57fe2722e92\redhat.java\jdt_ws --pipe=\\.\pipe\lsp-19670a84e8454d394936c1c7540b8a29-sock

Host: Intel(R) Core(TM) i5-7200U CPU @ 2.50GHz, 4 cores, 7G,  Windows 11 , 64 bit Build 27749 (10.0.27749.1000)
Time: Sat Nov 16 12:13:36 2024 India Standard Time elapsed time: 137.085463 seconds (0d 0h 2m 17s)

---------------  T H R E A D  ---------------

Current thread (0x000000d71330e8b0):  JavaThread "C2 CompilerThread0" daemon [_thread_in_native, id=9100, stack(0x000000d713b00000,0x000000d713c00000)]


Current CompileTask:
C2: 137085 3851       4       org.eclipse.osgi.container.ModuleDatabase$Persistence::writeMap (308 bytes)

Stack: [0x000000d713b00000,0x000000d713c00000]
Native frames: (J=compiled Java code, j=interpreted, Vv=VM code, C=native code)
V  [jvm.dll+0x682a19]
V  [jvm.dll+0x839538]
V  [jvm.dll+0x83afe3]
V  [jvm.dll+0x83b653]
V  [jvm.dll+0x24704f]
V  [jvm.dll+0xace34]
V  [jvm.dll+0xad4cc]
V  [jvm.dll+0x36592f]
V  [jvm.dll+0x32fbd8]
V  [jvm.dll+0x32f05a]
V  [jvm.dll+0x21804f]
V  [jvm.dll+0x21748f]
V  [jvm.dll+0x1a3070]
V  [jvm.dll+0x22788c]
V  [jvm.dll+0x2259eb]
V  [jvm.dll+0x7eec98]
V  [jvm.dll+0x7e8ffc]
V  [jvm.dll+0x6818f7]
C  [ucrtbase.dll+0x85c00]
C  [KERNEL32.DLL+0x35767]
C  [ntdll.dll+0xf4920]


---------------  P R O C E S S  ---------------

Threads class SMR info:
_java_thread_list=0x000000d71436a5b0, length=26, elements={
0x000000d778ea86c0, 0x000000d77b9499b0, 0x000000d77b94be30, 0x000000d71330a080,
0x000000d71330ca60, 0x000000d71330d330, 0x000000d71330dc00, 0x000000d71330e8b0,
0x000000d71335abc0, 0x000000d71335c3f0, 0x000000d778f0bc10, 0x000000d713635ac0,
0x000000d7143312c0, 0x000000d713442010, 0x000000d7142631a0, 0x000000d714263a50,
0x000000d7154b2b80, 0x000000d714093a50, 0x000000d7140958b0, 0x000000d714093540,
0x000000d714094980, 0x000000d714093f60, 0x000000d714092610, 0x000000d714094e90,
0x000000d714094470, 0x000000d714ffb590
}

Java Threads: ( => current thread )
  0x000000d778ea86c0 JavaThread "main" [_thread_blocked, id=7492, stack(0x000000d778d50000,0x000000d778e50000)]
  0x000000d77b9499b0 JavaThread "Reference Handler" daemon [_thread_blocked, id=10320, stack(0x000000d713100000,0x000000d713200000)]
  0x000000d77b94be30 JavaThread "Finalizer" daemon [_thread_blocked, id=17352, stack(0x000000d713200000,0x000000d713300000)]
  0x000000d71330a080 JavaThread "Signal Dispatcher" daemon [_thread_blocked, id=12544, stack(0x000000d713700000,0x000000d713800000)]
  0x000000d71330ca60 JavaThread "Attach Listener" daemon [_thread_blocked, id=13728, stack(0x000000d713800000,0x000000d713900000)]
  0x000000d71330d330 JavaThread "Service Thread" daemon [_thread_blocked, id=9072, stack(0x000000d713900000,0x000000d713a00000)]
  0x000000d71330dc00 JavaThread "Monitor Deflation Thread" daemon [_thread_blocked, id=11820, stack(0x000000d713a00000,0x000000d713b00000)]
=>0x000000d71330e8b0 JavaThread "C2 CompilerThread0" daemon [_thread_in_native, id=9100, stack(0x000000d713b00000,0x000000d713c00000)]
  0x000000d71335abc0 JavaThread "C1 CompilerThread0" daemon [_thread_blocked, id=8852, stack(0x000000d713c00000,0x000000d713d00000)]
  0x000000d71335c3f0 JavaThread "Sweeper thread" daemon [_thread_blocked, id=7860, stack(0x000000d713d00000,0x000000d713e00000)]
  0x000000d778f0bc10 JavaThread "Common-Cleaner" daemon [_thread_blocked, id=15744, stack(0x000000d713e00000,0x000000d713f00000)]
  0x000000d713635ac0 JavaThread "Notification Thread" daemon [_thread_blocked, id=15332, stack(0x000000d714700000,0x000000d714800000)]
  0x000000d7143312c0 JavaThread "Active Thread: Equinox Container: 5ee85260-6ef6-46eb-87dd-77eda297cf8b" [_thread_blocked, id=1008, stack(0x000000d714c00000,0x000000d714d00000)]
  0x000000d713442010 JavaThread "Refresh Thread: Equinox Container: 5ee85260-6ef6-46eb-87dd-77eda297cf8b" daemon [_thread_blocked, id=17240, stack(0x000000d715cd0000,0x000000d715dd0000)]
  0x000000d7142631a0 JavaThread "Framework Event Dispatcher: Equinox Container: 5ee85260-6ef6-46eb-87dd-77eda297cf8b" daemon [_thread_blocked, id=11408, stack(0x000000d715ed0000,0x000000d715fd0000)]
  0x000000d714263a50 JavaThread "Start Level: Equinox Container: 5ee85260-6ef6-46eb-87dd-77eda297cf8b" daemon [_thread_in_vm, id=1324, stack(0x000000d715fd0000,0x000000d7160d0000)]
  0x000000d7154b2b80 JavaThread "Bundle File Closer" daemon [_thread_blocked, id=13240, stack(0x000000d7160d0000,0x000000d7161d0000)]
  0x000000d714093a50 JavaThread "SCR Component Actor" daemon [_thread_blocked, id=6504, stack(0x000000d7161d0000,0x000000d7162d0000)]
  0x000000d7140958b0 JavaThread "SCR Component Registry" daemon [_thread_blocked, id=10804, stack(0x000000d7162d0000,0x000000d7163d0000)]
  0x000000d714093540 JavaThread "Worker-JM" [_thread_blocked, id=9648, stack(0x000000d715dd0000,0x000000d715ed0000)]
  0x000000d714094980 JavaThread "JNA Cleaner" daemon [_thread_blocked, id=3008, stack(0x000000d7174a0000,0x000000d7175a0000)]
  0x000000d714093f60 JavaThread "Worker-0: Repository registry initialization" [_thread_blocked, id=8496, stack(0x000000d7175a0000,0x000000d7176a0000)]
  0x000000d714092610 JavaThread "Worker-1: Updating Maven Dependencies" [_thread_in_vm, id=3100, stack(0x000000d7176a0000,0x000000d7177a0000)]
  0x000000d714094e90 JavaThread "Worker-2" [_thread_blocked, id=12976, stack(0x000000d7177a0000,0x000000d7178a0000)]
  0x000000d714094470 JavaThread "Worker-3" [_thread_blocked, id=15264, stack(0x000000d7178a0000,0x000000d7179a0000)]
  0x000000d714ffb590 JavaThread "C2 CompilerThread1" daemon [_thread_in_native, id=12512, stack(0x000000d7179a0000,0x000000d717aa0000)]

Other Threads:
  0x000000d77b943550 VMThread "VM Thread" [stack: 0x000000d713000000,0x000000d713100000] [id=9132]
  0x000000d713635fa0 WatcherThread [stack: 0x000000d714800000,0x000000d714900000] [id=8708]
  0x000000d778ebb460 GCTaskThread "GC Thread#0" [stack: 0x000000d779340000,0x000000d779440000] [id=10744]
  0x000000d714324f30 GCTaskThread "GC Thread#1" [stack: 0x000000d714900000,0x000000d714a00000] [id=16716]
  0x000000d713ffe390 GCTaskThread "GC Thread#2" [stack: 0x000000d714a00000,0x000000d714b00000] [id=2284]
  0x000000d7135d6050 GCTaskThread "GC Thread#3" [stack: 0x000000d714b00000,0x000000d714c00000] [id=6668]

Threads with active compile tasks:
C2 CompilerThread0   137135 3851       4       org.eclipse.osgi.container.ModuleDatabase$Persistence::writeMap (308 bytes)
C2 CompilerThread1   137135 3958       4       org.lombokweb.asm.SymbolTable::addConstantUtf8 (20 bytes)

VM state: not at safepoint (normal execution)

VM Mutex/Monitor currently owned by a thread: None

Heap address: 0x00000000c0000000, size: 1024 MB, Compressed Oops mode: 32-bit

CDS archive(s) not mapped
Compressed class space mapped at: 0x0000000100000000-0x0000000140000000, reserved size: 1073741824
Narrow klass base: 0x0000000000000000, Narrow klass shift: 3, Narrow klass range: 0x140000000

GC Precious Log:
 CPUs: 4 total, 4 available
 Memory: 8043M
 Large Page Support: Disabled
 NUMA Support: Disabled
 Compressed Oops: Enabled (32-bit)
 Alignments: Space 512K, Generation 512K, Heap 2M
 Heap Min Capacity: 100M
 Heap Initial Capacity: 100M
 Heap Max Capacity: 1G
 Pre-touch: Disabled
 Parallel Workers: 4

Heap:
 PSYoungGen      total 27648K, used 21333K [0x00000000eab00000, 0x00000000eca00000, 0x0000000100000000)
  eden space 24576K, 74% used [0x00000000eab00000,0x00000000ebcf7cd8,0x00000000ec300000)
  from space 3072K, 95% used [0x00000000ec480000,0x00000000ec75d8c0,0x00000000ec780000)
  to   space 2560K, 0% used [0x00000000ec780000,0x00000000ec780000,0x00000000eca00000)
 ParOldGen       total 68608K, used 11166K [0x00000000c0000000, 0x00000000c4300000, 0x00000000eab00000)
  object space 68608K, 16% used [0x00000000c0000000,0x00000000c0ae7bd0,0x00000000c4300000)
 Metaspace       used 29854K, committed 30656K, reserved 1114112K
  class space    used 3023K, committed 3328K, reserved 1048576K

Card table byte_map: [0x000000d779130000,0x000000d779340000] _byte_map_base: 0x000000d778b30000

Marking Bits: (ParMarkBitMap*) 0x00007fffcab36940
 Begin Bits: [0x000000d7795a0000, 0x000000d77a5a0000)
 End Bits:   [0x000000d77a5a0000, 0x000000d77b5a0000)

Polling page: 0x000000d778590000

Metaspace:

Usage:
  Non-class:     26.20 MB used.
      Class:      2.95 MB used.
       Both:     29.15 MB used.

Virtual space:
  Non-class space:       64.00 MB reserved,      26.69 MB ( 42%) committed,  1 nodes.
      Class space:        1.00 GB reserved,       3.25 MB ( <1%) committed,  1 nodes.
             Both:        1.06 GB reserved,      29.94 MB (  3%) committed. 

Chunk freelists:
   Non-Class:  4.73 MB
       Class:  12.63 MB
        Both:  17.37 MB

MaxMetaspaceSize: unlimited
CompressedClassSpaceSize: 1.00 GB
Initial GC threshold: 21.00 MB
Current GC threshold: 35.00 MB
CDS: off
MetaspaceReclaimPolicy: balanced
 - commit_granule_bytes: 65536.
 - commit_granule_words: 8192.
 - virtual_space_node_default_size: 8388608.
 - enlarge_chunks_in_place: 1.
 - new_chunks_are_fully_committed: 0.
 - uncommit_free_chunks: 1.
 - use_allocation_guard: 0.
 - handle_deallocations: 1.


Internal statistics:

num_allocs_failed_limit: 3.
num_arena_births: 450.
num_arena_deaths: 0.
num_vsnodes_births: 2.
num_vsnodes_deaths: 0.
num_space_committed: 479.
num_space_uncommitted: 0.
num_chunks_returned_to_freelist: 3.
num_chunks_taken_from_freelist: 1363.
num_chunk_merges: 3.
num_chunk_splits: 835.
num_chunks_enlarged: 536.
num_inconsistent_stats: 0.

CodeHeap 'non-profiled nmethods': size=120000Kb used=1872Kb max_used=1872Kb free=118127Kb
 bounds [0x000000d707ad0000, 0x000000d707d40000, 0x000000d70f000000]
CodeHeap 'profiled nmethods': size=120000Kb used=8289Kb max_used=8289Kb free=111710Kb
 bounds [0x000000d700000000, 0x000000d700820000, 0x000000d707530000]
CodeHeap 'non-nmethods': size=5760Kb used=1221Kb max_used=1275Kb free=4538Kb
 bounds [0x000000d707530000, 0x000000d7077a0000, 0x000000d707ad0000]
 total_blobs=4483 nmethods=3954 adapters=443
 compilation: enabled
              stopped_count=0, restarted_count=0
 full_count=0

Compilation events (20 events):
Event: 136.038 Thread 0x000000d71335abc0 nmethod 3941 0x000000d70080e110 code [0x000000d70080e2a0, 0x000000d70080e3e8]
Event: 136.039 Thread 0x000000d71335abc0 3942       3       java.nio.Buffer::flip (20 bytes)
Event: 136.039 Thread 0x000000d71335abc0 nmethod 3942 0x000000d70080e490 code [0x000000d70080e620, 0x000000d70080e738]
Event: 136.040 Thread 0x000000d71335abc0 3943       3       org.lombokweb.asm.ClassReader::readLabel (20 bytes)
Event: 136.041 Thread 0x000000d71335abc0 nmethod 3943 0x000000d70080e810 code [0x000000d70080e9c0, 0x000000d70080ed78]
Event: 136.043 Thread 0x000000d71335abc0 3945       3       org.lombokweb.asm.ClassReader::createDebugLabel (23 bytes)
Event: 136.043 Thread 0x000000d71335abc0 nmethod 3945 0x000000d70080ef10 code [0x000000d70080f0e0, 0x000000d70080f558]
Event: 136.044 Thread 0x000000d714ffb590 3923       4       org.lombokweb.asm.ClassReader::readUTF8 (23 bytes)
Event: 136.064 Thread 0x000000d71335abc0 3946       3       org.lombokweb.asm.ClassReader::readVerificationTypeInfo (184 bytes)
Event: 137.073 Thread 0x000000d71335abc0 nmethod 3946 0x000000d70080f790 code [0x000000d70080fae0, 0x000000d700811388]
Event: 137.073 Thread 0x000000d71335abc0 3947       3       org.lombokweb.asm.MethodWriter::putFrameType (84 bytes)
Event: 137.074 Thread 0x000000d71335abc0 nmethod 3947 0x000000d700811c10 code [0x000000d700811e80, 0x000000d700812888]
Event: 137.074 Thread 0x000000d71335abc0 3949       3       org.lombokweb.asm.ByteVector::put12 (64 bytes)
Event: 137.074 Thread 0x000000d71335abc0 nmethod 3949 0x000000d700812b90 code [0x000000d700812d40, 0x000000d700812f68]
Event: 137.074 Thread 0x000000d71335abc0 3948       3       org.lombokweb.asm.MethodWriter::visitInsn (115 bytes)
Event: 137.075 Thread 0x000000d71335abc0 nmethod 3948 0x000000d700813110 code [0x000000d7008132e0, 0x000000d700813748]
Event: 137.078 Thread 0x000000d714ffb590 nmethod 3923 0x000000d707ca2110 code [0x000000d707ca22c0, 0x000000d707ca2cf8]
Event: 137.078 Thread 0x000000d714ffb590 3921       4       org.lombokweb.asm.SymbolTable::add (39 bytes)
Event: 137.080 Thread 0x000000d714ffb590 nmethod 3921 0x000000d707ca3310 code [0x000000d707ca3480, 0x000000d707ca35b8]
Event: 137.080 Thread 0x000000d714ffb590 3944       4       org.codehaus.plexus.util.xml.pull.MXParser::more (106 bytes)

GC Heap History (16 events):
Event: 10.997 GC heap before
{Heap before GC invocations=1 (full 0):
 PSYoungGen      total 29696K, used 25600K [0x00000000eab00000, 0x00000000ecc00000, 0x0000000100000000)
  eden space 25600K, 100% used [0x00000000eab00000,0x00000000ec400000,0x00000000ec400000)
  from space 4096K, 0% used [0x00000000ec800000,0x00000000ec800000,0x00000000ecc00000)
  to   space 4096K, 0% used [0x00000000ec400000,0x00000000ec400000,0x00000000ec800000)
 ParOldGen       total 68608K, used 0K [0x00000000c0000000, 0x00000000c4300000, 0x00000000eab00000)
  object space 68608K, 0% used [0x00000000c0000000,0x00000000c0000000,0x00000000c4300000)
 Metaspace       used 10976K, committed 11200K, reserved 1114112K
  class space    used 1091K, committed 1216K, reserved 1048576K
}
Event: 11.022 GC heap after
{Heap after GC invocations=1 (full 0):
 PSYoungGen      total 29696K, used 3172K [0x00000000eab00000, 0x00000000ecc00000, 0x0000000100000000)
  eden space 25600K, 0% used [0x00000000eab00000,0x00000000eab00000,0x00000000ec400000)
  from space 4096K, 77% used [0x00000000ec400000,0x00000000ec719340,0x00000000ec800000)
  to   space 4096K, 0% used [0x00000000ec800000,0x00000000ec800000,0x00000000ecc00000)
 ParOldGen       total 68608K, used 0K [0x00000000c0000000, 0x00000000c4300000, 0x00000000eab00000)
  object space 68608K, 0% used [0x00000000c0000000,0x00000000c0000000,0x00000000c4300000)
 Metaspace       used 10976K, committed 11200K, reserved 1114112K
  class space    used 1091K, committed 1216K, reserved 1048576K
}
Event: 72.016 GC heap before
{Heap before GC invocations=2 (full 0):
 PSYoungGen      total 29696K, used 28772K [0x00000000eab00000, 0x00000000ecc00000, 0x0000000100000000)
  eden space 25600K, 100% used [0x00000000eab00000,0x00000000ec400000,0x00000000ec400000)
  from space 4096K, 77% used [0x00000000ec400000,0x00000000ec719340,0x00000000ec800000)
  to   space 4096K, 0% used [0x00000000ec800000,0x00000000ec800000,0x00000000ecc00000)
 ParOldGen       total 68608K, used 0K [0x00000000c0000000, 0x00000000c4300000, 0x00000000eab00000)
  object space 68608K, 0% used [0x00000000c0000000,0x00000000c0000000,0x00000000c4300000)
 Metaspace       used 14424K, committed 14656K, reserved 1114112K
  class space    used 1440K, committed 1536K, reserved 1048576K
}
Event: 72.027 GC heap after
{Heap after GC invocations=2 (full 0):
 PSYoungGen      total 29696K, used 4084K [0x00000000eab00000, 0x00000000ecc00000, 0x0000000100000000)
  eden space 25600K, 0% used [0x00000000eab00000,0x00000000eab00000,0x00000000ec400000)
  from space 4096K, 99% used [0x00000000ec800000,0x00000000ecbfd000,0x00000000ecc00000)
  to   space 4096K, 0% used [0x00000000ec400000,0x00000000ec400000,0x00000000ec800000)
 ParOldGen       total 68608K, used 1568K [0x00000000c0000000, 0x00000000c4300000, 0x00000000eab00000)
  object space 68608K, 2% used [0x00000000c0000000,0x00000000c0188370,0x00000000c4300000)
 Metaspace       used 14424K, committed 14656K, reserved 1114112K
  class space    used 1440K, committed 1536K, reserved 1048576K
}
Event: 101.770 GC heap before
{Heap before GC invocations=3 (full 0):
 PSYoungGen      total 29696K, used 29684K [0x00000000eab00000, 0x00000000ecc00000, 0x0000000100000000)
  eden space 25600K, 100% used [0x00000000eab00000,0x00000000ec400000,0x00000000ec400000)
  from space 4096K, 99% used [0x00000000ec800000,0x00000000ecbfd000,0x00000000ecc00000)
  to   space 4096K, 0% used [0x00000000ec400000,0x00000000ec400000,0x00000000ec800000)
 ParOldGen       total 68608K, used 1568K [0x00000000c0000000, 0x00000000c4300000, 0x00000000eab00000)
  object space 68608K, 2% used [0x00000000c0000000,0x00000000c0188370,0x00000000c4300000)
 Metaspace       used 16442K, committed 16704K, reserved 1114112K
  class space    used 1650K, committed 1792K, reserved 1048576K
}
Event: 101.783 GC heap after
{Heap after GC invocations=3 (full 0):
 PSYoungGen      total 29696K, used 4093K [0x00000000eab00000, 0x00000000ecc00000, 0x0000000100000000)
  eden space 25600K, 0% used [0x00000000eab00000,0x00000000eab00000,0x00000000ec400000)
  from space 4096K, 99% used [0x00000000ec400000,0x00000000ec7ff728,0x00000000ec800000)
  to   space 4096K, 0% used [0x00000000ec800000,0x00000000ec800000,0x00000000ecc00000)
 ParOldGen       total 68608K, used 5784K [0x00000000c0000000, 0x00000000c4300000, 0x00000000eab00000)
  object space 68608K, 8% used [0x00000000c0000000,0x00000000c05a6070,0x00000000c4300000)
 Metaspace       used 16442K, committed 16704K, reserved 1114112K
  class space    used 1650K, committed 1792K, reserved 1048576K
}
Event: 120.926 GC heap before
{Heap before GC invocations=4 (full 0):
 PSYoungGen      total 29696K, used 29693K [0x00000000eab00000, 0x00000000ecc00000, 0x0000000100000000)
  eden space 25600K, 100% used [0x00000000eab00000,0x00000000ec400000,0x00000000ec400000)
  from space 4096K, 99% used [0x00000000ec400000,0x00000000ec7ff728,0x00000000ec800000)
  to   space 4096K, 0% used [0x00000000ec800000,0x00000000ec800000,0x00000000ecc00000)
 ParOldGen       total 68608K, used 5784K [0x00000000c0000000, 0x00000000c4300000, 0x00000000eab00000)
  object space 68608K, 8% used [0x00000000c0000000,0x00000000c05a6070,0x00000000c4300000)
 Metaspace       used 19399K, committed 19712K, reserved 1114112K
  class space    used 1946K, committed 2112K, reserved 1048576K
}
Event: 120.935 GC heap after
{Heap after GC invocations=4 (full 0):
 PSYoungGen      total 29696K, used 4075K [0x00000000eab00000, 0x00000000ecc00000, 0x0000000100000000)
  eden space 25600K, 0% used [0x00000000eab00000,0x00000000eab00000,0x00000000ec400000)
  from space 4096K, 99% used [0x00000000ec800000,0x00000000ecbfacc8,0x00000000ecc00000)
  to   space 4096K, 0% used [0x00000000ec400000,0x00000000ec400000,0x00000000ec800000)
 ParOldGen       total 68608K, used 7232K [0x00000000c0000000, 0x00000000c4300000, 0x00000000eab00000)
  object space 68608K, 10% used [0x00000000c0000000,0x00000000c07102f0,0x00000000c4300000)
 Metaspace       used 19399K, committed 19712K, reserved 1114112K
  class space    used 1946K, committed 2112K, reserved 1048576K
}
Event: 122.360 GC heap before
{Heap before GC invocations=5 (full 0):
 PSYoungGen      total 29696K, used 16278K [0x00000000eab00000, 0x00000000ecc00000, 0x0000000100000000)
  eden space 25600K, 47% used [0x00000000eab00000,0x00000000eb6eab90,0x00000000ec400000)
  from space 4096K, 99% used [0x00000000ec800000,0x00000000ecbfacc8,0x00000000ecc00000)
  to   space 4096K, 0% used [0x00000000ec400000,0x00000000ec400000,0x00000000ec800000)
 ParOldGen       total 68608K, used 7232K [0x00000000c0000000, 0x00000000c4300000, 0x00000000eab00000)
  object space 68608K, 10% used [0x00000000c0000000,0x00000000c07102f0,0x00000000c4300000)
 Metaspace       used 21110K, committed 21504K, reserved 1114112K
  class space    used 2102K, committed 2240K, reserved 1048576K
}
Event: 122.370 GC heap after
{Heap after GC invocations=5 (full 0):
 PSYoungGen      total 29696K, used 4094K [0x00000000eab00000, 0x00000000ece00000, 0x0000000100000000)
  eden space 25600K, 0% used [0x00000000eab00000,0x00000000eab00000,0x00000000ec400000)
  from space 4096K, 99% used [0x00000000ec400000,0x00000000ec7ffa98,0x00000000ec800000)
  to   space 5120K, 0% used [0x00000000ec900000,0x00000000ec900000,0x00000000ece00000)
 ParOldGen       total 68608K, used 7376K [0x00000000c0000000, 0x00000000c4300000, 0x00000000eab00000)
  object space 68608K, 10% used [0x00000000c0000000,0x00000000c0734320,0x00000000c4300000)
 Metaspace       used 21110K, committed 21504K, reserved 1114112K
  class space    used 2102K, committed 2240K, reserved 1048576K
}
Event: 122.370 GC heap before
{Heap before GC invocations=6 (full 1):
 PSYoungGen      total 29696K, used 4094K [0x00000000eab00000, 0x00000000ece00000, 0x0000000100000000)
  eden space 25600K, 0% used [0x00000000eab00000,0x00000000eab00000,0x00000000ec400000)
  from space 4096K, 99% used [0x00000000ec400000,0x00000000ec7ffa98,0x00000000ec800000)
  to   space 5120K, 0% used [0x00000000ec900000,0x00000000ec900000,0x00000000ece00000)
 ParOldGen       total 68608K, used 7376K [0x00000000c0000000, 0x00000000c4300000, 0x00000000eab00000)
  object space 68608K, 10% used [0x00000000c0000000,0x00000000c0734320,0x00000000c4300000)
 Metaspace       used 21110K, committed 21504K, reserved 1114112K
  class space    used 2102K, committed 2240K, reserved 1048576K
}
Event: 122.439 GC heap after
{Heap after GC invocations=6 (full 1):
 PSYoungGen      total 29696K, used 0K [0x00000000eab00000, 0x00000000ece00000, 0x0000000100000000)
  eden space 25600K, 0% used [0x00000000eab00000,0x00000000eab00000,0x00000000ec400000)
  from space 4096K, 0% used [0x00000000ec400000,0x00000000ec400000,0x00000000ec800000)
  to   space 5120K, 0% used [0x00000000ec900000,0x00000000ec900000,0x00000000ece00000)
 ParOldGen       total 68608K, used 11150K [0x00000000c0000000, 0x00000000c4300000, 0x00000000eab00000)
  object space 68608K, 16% used [0x00000000c0000000,0x00000000c0ae3bd0,0x00000000c4300000)
 Metaspace       used 21110K, committed 21504K, reserved 1114112K
  class space    used 2102K, committed 2240K, reserved 1048576K
}
Event: 127.597 GC heap before
{Heap before GC invocations=7 (full 1):
 PSYoungGen      total 29696K, used 25600K [0x00000000eab00000, 0x00000000ece00000, 0x0000000100000000)
  eden space 25600K, 100% used [0x00000000eab00000,0x00000000ec400000,0x00000000ec400000)
  from space 4096K, 0% used [0x00000000ec400000,0x00000000ec400000,0x00000000ec800000)
  to   space 5120K, 0% used [0x00000000ec900000,0x00000000ec900000,0x00000000ece00000)
 ParOldGen       total 68608K, used 11150K [0x00000000c0000000, 0x00000000c4300000, 0x00000000eab00000)
  object space 68608K, 16% used [0x00000000c0000000,0x00000000c0ae3bd0,0x00000000c4300000)
 Metaspace       used 25267K, committed 25856K, reserved 1114112K
  class space    used 2547K, committed 2752K, reserved 1048576K
}
Event: 127.605 GC heap after
{Heap after GC invocations=7 (full 1):
 PSYoungGen      total 26624K, used 1431K [0x00000000eab00000, 0x00000000eca80000, 0x0000000100000000)
  eden space 25088K, 0% used [0x00000000eab00000,0x00000000eab00000,0x00000000ec380000)
  from space 1536K, 93% used [0x00000000ec900000,0x00000000eca65c48,0x00000000eca80000)
  to   space 3072K, 0% used [0x00000000ec480000,0x00000000ec480000,0x00000000ec780000)
 ParOldGen       total 68608K, used 11158K [0x00000000c0000000, 0x00000000c4300000, 0x00000000eab00000)
  object space 68608K, 16% used [0x00000000c0000000,0x00000000c0ae5bd0,0x00000000c4300000)
 Metaspace       used 25267K, committed 25856K, reserved 1114112K
  class space    used 2547K, committed 2752K, reserved 1048576K
}
Event: 132.988 GC heap before
{Heap before GC invocations=8 (full 1):
 PSYoungGen      total 26624K, used 26519K [0x00000000eab00000, 0x00000000eca80000, 0x0000000100000000)
  eden space 25088K, 100% used [0x00000000eab00000,0x00000000ec380000,0x00000000ec380000)
  from space 1536K, 93% used [0x00000000ec900000,0x00000000eca65c48,0x00000000eca80000)
  to   space 3072K, 0% used [0x00000000ec480000,0x00000000ec480000,0x00000000ec780000)
 ParOldGen       total 68608K, used 11158K [0x00000000c0000000, 0x00000000c4300000, 0x00000000eab00000)
  object space 68608K, 16% used [0x00000000c0000000,0x00000000c0ae5bd0,0x00000000c4300000)
 Metaspace       used 27765K, committed 28416K, reserved 1114112K
  class space    used 2822K, committed 3072K, reserved 1048576K
}
Event: 132.994 GC heap after
{Heap after GC invocations=8 (full 1):
 PSYoungGen      total 27648K, used 2934K [0x00000000eab00000, 0x00000000eca00000, 0x0000000100000000)
  eden space 24576K, 0% used [0x00000000eab00000,0x00000000eab00000,0x00000000ec300000)
  from space 3072K, 95% used [0x00000000ec480000,0x00000000ec75d8c0,0x00000000ec780000)
  to   space 2560K, 0% used [0x00000000ec780000,0x00000000ec780000,0x00000000eca00000)
 ParOldGen       total 68608K, used 11166K [0x00000000c0000000, 0x00000000c4300000, 0x00000000eab00000)
  object space 68608K, 16% used [0x00000000c0000000,0x00000000c0ae7bd0,0x00000000c4300000)
 Metaspace       used 27765K, committed 28416K, reserved 1114112K
  class space    used 2822K, committed 3072K, reserved 1048576K
}

Dll operation events (10 events):
Event: 0.074 Loaded shared library c:\Users\Acer\.vscode\extensions\redhat.java-1.36.0-win32-x64\jre\17.0.13-win32-x86_64\bin\java.dll
Event: 2.433 Loaded shared library c:\Users\Acer\.vscode\extensions\redhat.java-1.36.0-win32-x64\jre\17.0.13-win32-x86_64\bin\zip.dll
Event: 2.500 Loaded shared library C:\Users\Acer\.vscode\extensions\redhat.java-1.36.0-win32-x64\jre\17.0.13-win32-x86_64\bin\instrument.dll
Event: 2.608 Loaded shared library C:\Users\Acer\.vscode\extensions\redhat.java-1.36.0-win32-x64\jre\17.0.13-win32-x86_64\bin\net.dll
Event: 2.618 Loaded shared library C:\Users\Acer\.vscode\extensions\redhat.java-1.36.0-win32-x64\jre\17.0.13-win32-x86_64\bin\nio.dll
Event: 2.636 Loaded shared library C:\Users\Acer\.vscode\extensions\redhat.java-1.36.0-win32-x64\jre\17.0.13-win32-x86_64\bin\zip.dll
Event: 2.771 Loaded shared library C:\Users\Acer\.vscode\extensions\redhat.java-1.36.0-win32-x64\jre\17.0.13-win32-x86_64\bin\jimage.dll
Event: 3.598 Loaded shared library c:\Users\Acer\.vscode\extensions\redhat.java-1.36.0-win32-x64\jre\17.0.13-win32-x86_64\bin\verify.dll
Event: 71.643 Loaded shared library C:\Users\Acer\AppData\Roaming\Code\User\globalStorage\redhat.java\1.36.0\config_win\org.eclipse.equinox.launcher\org.eclipse.equinox.launcher.win32.win32.x86_64_1.2.1100.v20240722-2106\eclipse_11904.dll
Event: 125.843 Loaded shared library C:\Users\Acer\AppData\Local\Temp\jna-2034799\jna12305726442467554226.dll

Deoptimization events (20 events):
Event: 133.889 Thread 0x000000d7143312c0 Uncommon trap: trap_request=0xffffff45 fr.pc=0x000000d707ba8118 relative=0x0000000000004db8
Event: 133.889 Thread 0x000000d7143312c0 Uncommon trap: reason=unstable_if action=reinterpret pc=0x000000d707ba8118 method=java.util.Collections$UnmodifiableMap.entrySet()Ljava/util/Set; @ 4 c2
Event: 133.889 Thread 0x000000d7143312c0 DEOPT PACKING pc=0x000000d707ba8118 sp=0x000000d714cfebd0
Event: 133.889 Thread 0x000000d7143312c0 DEOPT UNPACKING pc=0x000000d7075866a3 sp=0x000000d714cfeb68 mode 2
Event: 135.824 Thread 0x000000d714092610 Uncommon trap: trap_request=0xffffff45 fr.pc=0x000000d707b86e0c relative=0x000000000000008c
Event: 135.824 Thread 0x000000d714092610 Uncommon trap: reason=unstable_if action=reinterpret pc=0x000000d707b86e0c method=java.util.Objects.hashCode(Ljava/lang/Object;)I @ 1 c2
Event: 135.824 Thread 0x000000d714092610 DEOPT PACKING pc=0x000000d707b86e0c sp=0x000000d71779e980
Event: 135.824 Thread 0x000000d714092610 DEOPT UNPACKING pc=0x000000d7075866a3 sp=0x000000d71779e920 mode 2
Event: 135.873 Thread 0x000000d714263a50 DEOPT PACKING pc=0x000000d70046166c sp=0x000000d7160c6980
Event: 135.873 Thread 0x000000d714263a50 DEOPT UNPACKING pc=0x000000d707586e43 sp=0x000000d7160c5ed0 mode 0
Event: 135.889 Thread 0x000000d714263a50 DEOPT PACKING pc=0x000000d70046166c sp=0x000000d7160c8980
Event: 135.889 Thread 0x000000d714263a50 DEOPT UNPACKING pc=0x000000d707586e43 sp=0x000000d7160c7ed0 mode 0
Event: 135.928 Thread 0x000000d714093f60 Uncommon trap: trap_request=0xffffff45 fr.pc=0x000000d707baddec relative=0x00000000000000ec
Event: 135.928 Thread 0x000000d714093f60 Uncommon trap: reason=unstable_if action=reinterpret pc=0x000000d707baddec method=jdk.internal.org.objectweb.asm.ByteVector.putShort(I)Ljdk/internal/org/objectweb/asm/ByteVector; @ 13 c2
Event: 135.928 Thread 0x000000d714093f60 DEOPT PACKING pc=0x000000d707baddec sp=0x000000d71769d4d0
Event: 135.928 Thread 0x000000d714093f60 DEOPT UNPACKING pc=0x000000d7075866a3 sp=0x000000d71769d468 mode 2
Event: 135.955 Thread 0x000000d714092610 Uncommon trap: trap_request=0xffffff45 fr.pc=0x000000d707c3ed4c relative=0x0000000000000e6c
Event: 135.955 Thread 0x000000d714092610 Uncommon trap: reason=unstable_if action=reinterpret pc=0x000000d707c3ed4c method=java.io.BufferedInputStream.read([BII)I @ 31 c2
Event: 135.955 Thread 0x000000d714092610 DEOPT PACKING pc=0x000000d707c3ed4c sp=0x000000d71779e5c0
Event: 135.955 Thread 0x000000d714092610 DEOPT UNPACKING pc=0x000000d7075866a3 sp=0x000000d71779e5c8 mode 2

Classes loaded (20 events):
Event: 135.758 Loading class java/lang/runtime/ObjectMethods$1
Event: 135.763 Loading class java/lang/runtime/ObjectMethods$1 done
Event: 135.803 Loading class java/lang/invoke/DirectMethodHandle$1
Event: 135.803 Loading class java/lang/invoke/DirectMethodHandle$1 done
Event: 135.855 Loading class java/lang/ThreadLocal$SuppliedThreadLocal
Event: 135.856 Loading class java/lang/ThreadLocal$SuppliedThreadLocal done
Event: 135.874 Loading class java/util/AbstractList$RandomAccessSubList
Event: 135.874 Loading class java/util/AbstractList$SubList
Event: 135.875 Loading class java/util/AbstractList$SubList done
Event: 135.875 Loading class java/util/AbstractList$RandomAccessSubList done
Event: 135.875 Loading class java/util/AbstractList$ListItr
Event: 135.876 Loading class java/util/AbstractList$ListItr done
Event: 135.896 Loading class java/util/AbstractList$SubList$1
Event: 135.904 Loading class java/util/AbstractList$SubList$1 done
Event: 135.919 Loading class java/lang/invoke/MethodHandleImpl$CountingWrapper
Event: 135.920 Loading class java/lang/invoke/MethodHandleImpl$CountingWrapper done
Event: 135.937 Loading class java/io/FileWriter
Event: 135.938 Loading class java/io/FileWriter done
Event: 135.938 Loading class java/lang/NegativeArraySizeException
Event: 135.938 Loading class java/lang/NegativeArraySizeException done

Classes unloaded (0 events):
No events

Classes redefined (0 events):
No events

Internal exceptions (20 events):
Event: 133.440 Thread 0x000000d714263a50 Exception <a 'java/lang/NoSuchMethodError'{0x00000000eaf7ce10}: 'double java.lang.invoke.DirectMethodHandle$Holder.invokeStaticInit(java.lang.Object, java.lang.Object)'> (0x00000000eaf7ce10) 
thrown [s\src\hotspot\share\interpreter\linkResolver.cpp, line 759]
Event: 133.843 Thread 0x000000d7143312c0 Implicit null exception at 0x000000d707b8a1a5 to 0x000000d707b8aa44
Event: 134.637 Thread 0x000000d714092610 Exception <a 'java/lang/NoSuchMethodError'{0x00000000ead9df70}: 'void java.lang.invoke.DirectMethodHandle$Holder.invokeStatic(java.lang.Object, java.lang.Object, java.lang.Object, java.lang.Object)'> (0x00000000ead9df70) 
thrown [s\src\hotspot\share\interpreter\linkResolver.cpp, line 759]
Event: 135.697 Thread 0x000000d714093f60 Exception <a 'java/lang/NoSuchMethodError'{0x00000000eb4d9b98}: 'java.lang.Object java.lang.invoke.DirectMethodHandle$Holder.invokeStaticInit(java.lang.Object, java.lang.Object, java.lang.Object, java.lang.Object, java.lang.Object, java.lang.Object, java.lang.Object)'> (0x00000000eb4d9b98) 
thrown [s\src\hotspot\share\interpreter\linkResolver.cpp, line 759]
Event: 135.714 Thread 0x000000d714093f60 Exception <a 'java/lang/NoSuchMethodError'{0x00000000eb4e2650}: 'java.lang.Object java.lang.invoke.DirectMethodHandle$Holder.invokeSpecial(java.lang.Object, java.lang.Object, java.lang.Object, java.lang.Object, java.lang.Object, java.lang.Object, java.lang.Object, java.lang.Object, java.lang.Object)'> (0x00000000eb4e2650) 
thrown [s\src\hotspot\share\interpreter\linkResolver.cpp, line 759]
Event: 135.719 Thread 0x000000d714093f60 Exception <a 'java/lang/NoSuchMethodError'{0x00000000eb58f178}: 'java.lang.Object java.lang.invoke.Invokers$Holder.invoke_MT(java.lang.Object, java.lang.Object, java.lang.Object, java.lang.Object, java.lang.Object, java.lang.Object, java.lang.Object, java.lang.Object, java.lang.Object)'> (0x00000000eb58f178) 
thrown [s\src\hotspot\share\interpreter\linkResolver.cpp, line 759]
Event: 135.764 Thread 0x000000d714093f60 Exception <a 'java/lang/NoSuchMethodError'{0x00000000eb683d68}: 'int java.lang.invoke.DirectMethodHandle$Holder.invokeVirtual(java.lang.Object, java.lang.Object, java.lang.Object)'> (0x00000000eb683d68) 
thrown [s\src\hotspot\share\interpreter\linkResolver.cpp, line 759]
Event: 135.766 Thread 0x000000d714093f60 Exception <a 'java/lang/NoSuchMethodError'{0x00000000eb687620}: 'int java.lang.invoke.DirectMethodHandle$Holder.invokeVirtual(java.lang.Object, java.lang.Object)'> (0x00000000eb687620) 
thrown [s\src\hotspot\share\interpreter\linkResolver.cpp, line 759]
Event: 135.767 Thread 0x000000d714093f60 Exception <a 'java/lang/NoSuchMethodError'{0x00000000eb68b8b8}: 'int java.lang.invoke.DirectMethodHandle$Holder.invokeStaticInit(java.lang.Object, int, int)'> (0x00000000eb68b8b8) 
thrown [s\src\hotspot\share\interpreter\linkResolver.cpp, line 759]
Event: 135.776 Thread 0x000000d714093f60 Exception <a 'java/lang/NoSuchMethodError'{0x00000000eb6932f8}: 'int java.lang.invoke.DirectMethodHandle$Holder.invokeStaticInit(java.lang.Object, long, long)'> (0x00000000eb6932f8) 
thrown [s\src\hotspot\share\interpreter\linkResolver.cpp, line 759]
Event: 135.778 Thread 0x000000d714093f60 Exception <a 'java/lang/NoSuchMethodError'{0x00000000eb69a148}: 'int java.lang.invoke.DirectMethodHandle$Holder.invokeStaticInit(java.lang.Object, float, float)'> (0x00000000eb69a148) 
thrown [s\src\hotspot\share\interpreter\linkResolver.cpp, line 759]
Event: 135.786 Thread 0x000000d714093f60 Exception <a 'java/lang/NoSuchMethodError'{0x00000000eb6a11e8}: 'int java.lang.invoke.DirectMethodHandle$Holder.invokeStaticInit(java.lang.Object, double, double)'> (0x00000000eb6a11e8) 
thrown [s\src\hotspot\share\interpreter\linkResolver.cpp, line 759]
Event: 135.786 Thread 0x000000d714093f60 Exception <a 'java/lang/NoSuchMethodError'{0x00000000eb6a57f0}: 'int java.lang.invoke.DirectMethodHandle$Holder.invokeStatic(java.lang.Object, long)'> (0x00000000eb6a57f0) 
thrown [s\src\hotspot\share\interpreter\linkResolver.cpp, line 759]
Event: 135.812 Thread 0x000000d714093f60 Exception <a 'java/lang/NoSuchMethodError'{0x00000000eb759c90}: 'int java.lang.invoke.DirectMethodHandle$Holder.invokeSpecial(java.lang.Object, java.lang.Object, int, int)'> (0x00000000eb759c90) 
thrown [s\src\hotspot\share\interpreter\linkResolver.cpp, line 759]
Event: 135.824 Thread 0x000000d714092610 Exception <a 'java/lang/NoSuchMethodError'{0x00000000eb77b9d8}: 'int java.lang.invoke.Invokers$Holder.linkToTargetMethod(java.lang.Object, java.lang.Object)'> (0x00000000eb77b9d8) 
thrown [s\src\hotspot\share\interpreter\linkResolver.cpp, line 759]
Event: 135.824 Thread 0x000000d714092610 Implicit null exception at 0x000000d707b86d8f to 0x000000d707b86dfe
Event: 135.842 Thread 0x000000d714093f60 Exception <a 'java/lang/NoSuchMethodError'{0x00000000eb825f20}: 'int java.lang.invoke.DirectMethodHandle$Holder.invokeSpecial(java.lang.Object, java.lang.Object, java.lang.Object, java.lang.Object)'> (0x00000000eb825f20) 
thrown [s\src\hotspot\share\interpreter\linkResolver.cpp, line 759]
Event: 135.908 Thread 0x000000d714093f60 Exception <a 'java/lang/NoSuchMethodError'{0x00000000eb85b758}: 'java.lang.Object java.lang.invoke.DirectMethodHandle$Holder.invokeStatic(java.lang.Object, int, java.lang.Object, java.lang.Object)'> (0x00000000eb85b758) 
thrown [s\src\hotspot\share\interpreter\linkResolver.cpp, line 759]
Event: 135.919 Thread 0x000000d714093f60 Exception <a 'java/lang/NoSuchMethodError'{0x00000000eb85f210}: 'java.lang.Object java.lang.invoke.DelegatingMethodHandle$Holder.delegate(java.lang.Object, int, java.lang.Object, java.lang.Object)'> (0x00000000eb85f210) 
thrown [s\src\hotspot\share\interpreter\linkResolver.cpp, line 759]
Event: 135.929 Thread 0x000000d714093f60 Exception <a 'java/lang/NoSuchMethodError'{0x00000000eb922270}: 'int java.lang.invoke.Invokers$Holder.linkToTargetMethod(java.lang.Object, java.lang.Object, java.lang.Object)'> (0x00000000eb922270) 
thrown [s\src\hotspot\share\interpreter\linkResolver.cpp, line 759]

VM Operations (20 events):
Event: 130.367 Executing VM operation: HandshakeAllThreads
Event: 130.367 Executing VM operation: HandshakeAllThreads done
Event: 131.375 Executing VM operation: Cleanup
Event: 131.377 Executing VM operation: Cleanup done
Event: 132.378 Executing VM operation: Cleanup
Event: 132.393 Executing VM operation: Cleanup done
Event: 132.617 Executing VM operation: HandshakeAllThreads
Event: 132.617 Executing VM operation: HandshakeAllThreads done
Event: 132.988 Executing VM operation: ParallelGCFailedAllocation
Event: 132.994 Executing VM operation: ParallelGCFailedAllocation done
Event: 134.007 Executing VM operation: Cleanup
Event: 134.634 Executing VM operation: Cleanup done
Event: 135.638 Executing VM operation: Cleanup
Event: 135.669 Executing VM operation: Cleanup done
Event: 135.866 Executing VM operation: HandshakeAllThreads
Event: 135.873 Executing VM operation: HandshakeAllThreads done
Event: 135.877 Executing VM operation: HandshakeAllThreads
Event: 135.889 Executing VM operation: HandshakeAllThreads done
Event: 136.895 Executing VM operation: Cleanup
Event: 136.895 Executing VM operation: Cleanup done

Memory protections (0 events):
No events

Nmethod flushes (0 events):
No events

Events (20 events):
Event: 13.363 Thread 0x000000d714254ec0 Thread exited: 0x000000d714254ec0
Event: 71.599 Thread 0x000000d778ea86c0 Thread added: 0x000000d713442010
Event: 71.857 Thread 0x000000d713442010 Thread added: 0x000000d7142631a0
Event: 71.898 Thread 0x000000d778ea86c0 Thread added: 0x000000d714263a50
Event: 73.064 Thread 0x000000d71335abc0 Thread added: 0x000000d7136c5e70
Event: 73.620 Thread 0x000000d7136c5e70 Thread exited: 0x000000d7136c5e70
Event: 74.477 Thread 0x000000d71335abc0 Thread added: 0x000000d7151fb890
Event: 74.755 Thread 0x000000d7151fb890 Thread exited: 0x000000d7151fb890
Event: 83.324 Thread 0x000000d714263a50 Thread added: 0x000000d7154b2b80
Event: 119.027 Thread 0x000000d714263a50 Thread added: 0x000000d714093a50
Event: 119.486 Thread 0x000000d714263a50 Thread added: 0x000000d7140958b0
Event: 122.492 Thread 0x000000d714263a50 Thread added: 0x000000d714093540
Event: 124.602 Thread 0x000000d71335abc0 Thread added: 0x000000d715262470
Event: 124.878 Thread 0x000000d715262470 Thread exited: 0x000000d715262470
Event: 125.980 Thread 0x000000d714263a50 Thread added: 0x000000d714094980
Event: 126.442 Thread 0x000000d714263a50 Thread added: 0x000000d714093f60
Event: 126.732 Thread 0x000000d714263a50 Thread added: 0x000000d714092610
Event: 133.558 Thread 0x000000d714093f60 Thread added: 0x000000d714094e90
Event: 135.823 Thread 0x000000d714094e90 Thread added: 0x000000d714094470
Event: 136.043 Thread 0x000000d71335abc0 Thread added: 0x000000d714ffb590


Dynamic libraries:
0x00007ff7eba50000 - 0x00007ff7eba5e000 	c:\Users\Acer\.vscode\extensions\redhat.java-1.36.0-win32-x64\jre\17.0.13-win32-x86_64\bin\java.exe
0x00007ff80dca0000 - 0x00007ff80df00000 	C:\WINDOWS\SYSTEM32\ntdll.dll
0x00007ff80d120000 - 0x00007ff80d1e8000 	C:\WINDOWS\System32\KERNEL32.DLL
0x00007ff80b1b0000 - 0x00007ff80b565000 	C:\WINDOWS\System32\KERNELBASE.dll
0x00007ff806a50000 - 0x00007ff806aed000 	C:\WINDOWS\SYSTEM32\apphelp.dll
0x00007ff80b850000 - 0x00007ff80b9a3000 	C:\WINDOWS\System32\ucrtbase.dll
0x00007ffff6cc0000 - 0x00007ffff6cd7000 	c:\Users\Acer\.vscode\extensions\redhat.java-1.36.0-win32-x64\jre\17.0.13-win32-x86_64\bin\jli.dll
0x00007ff80cae0000 - 0x00007ff80ccaa000 	C:\WINDOWS\System32\USER32.dll
0x00007ff80b180000 - 0x00007ff80b1a7000 	C:\WINDOWS\System32\win32u.dll
0x00007ff80d0e0000 - 0x00007ff80d112000 	C:\WINDOWS\System32\GDI32.dll
0x00007ff80b6c0000 - 0x00007ff80b7dd000 	C:\WINDOWS\System32\gdi32full.dll
0x00007ff80b610000 - 0x00007ff80b6b3000 	C:\WINDOWS\System32\msvcp_win.dll
0x00007fffeeda0000 - 0x00007fffeedbe000 	c:\Users\Acer\.vscode\extensions\redhat.java-1.36.0-win32-x64\jre\17.0.13-win32-x86_64\bin\VCRUNTIME140.dll
0x00007ffff1f10000 - 0x00007ffff21a1000 	C:\WINDOWS\WinSxS\amd64_microsoft.windows.common-controls_6595b64144ccf1df_6.0.27749.1000_none_15dddc49543b5de2\COMCTL32.dll
0x00007ff80bd50000 - 0x00007ff80bdf9000 	C:\WINDOWS\System32\msvcrt.dll
0x00007ff80bbd0000 - 0x00007ff80bbff000 	C:\WINDOWS\System32\IMM32.DLL
0x00007ff804440000 - 0x00007ff80444c000 	c:\Users\Acer\.vscode\extensions\redhat.java-1.36.0-win32-x64\jre\17.0.13-win32-x86_64\bin\vcruntime140_1.dll
0x00007fffde250000 - 0x00007fffde2dd000 	c:\Users\Acer\.vscode\extensions\redhat.java-1.36.0-win32-x64\jre\17.0.13-win32-x86_64\bin\msvcp140.dll
0x00007fffc9f90000 - 0x00007fffcabfb000 	c:\Users\Acer\.vscode\extensions\redhat.java-1.36.0-win32-x64\jre\17.0.13-win32-x86_64\bin\server\jvm.dll
0x00007ff80d200000 - 0x00007ff80d2b2000 	C:\WINDOWS\System32\ADVAPI32.dll
0x00007ff80cfb0000 - 0x00007ff80d057000 	C:\WINDOWS\System32\sechost.dll
0x00007ff80c510000 - 0x00007ff80c62a000 	C:\WINDOWS\System32\RPCRT4.dll
0x00007ff80d060000 - 0x00007ff80d0d4000 	C:\WINDOWS\System32\WS2_32.dll
0x00007ff809cf0000 - 0x00007ff809d4c000 	C:\WINDOWS\SYSTEM32\POWRPROF.dll
0x00007ffff7c10000 - 0x00007ffff7c46000 	C:\WINDOWS\SYSTEM32\WINMM.dll
0x00007ff800640000 - 0x00007ff80064b000 	C:\WINDOWS\SYSTEM32\VERSION.dll
0x00007ff809cd0000 - 0x00007ff809ce4000 	C:\WINDOWS\SYSTEM32\UMPDC.dll
0x00007ff809fa0000 - 0x00007ff809fba000 	C:\WINDOWS\SYSTEM32\kernel.appcore.dll
0x00007ff8025e0000 - 0x00007ff8025ea000 	c:\Users\Acer\.vscode\extensions\redhat.java-1.36.0-win32-x64\jre\17.0.13-win32-x86_64\bin\jimage.dll
0x00007ff807ca0000 - 0x00007ff807efc000 	C:\WINDOWS\SYSTEM32\DBGHELP.DLL
0x00007ff80c630000 - 0x00007ff80c9af000 	C:\WINDOWS\System32\combase.dll
0x00007ff80bc70000 - 0x00007ff80bd46000 	C:\WINDOWS\System32\OLEAUT32.dll
0x00007ffff29d0000 - 0x00007ffff2a09000 	C:\WINDOWS\SYSTEM32\dbgcore.DLL
0x00007ff80b570000 - 0x00007ff80b607000 	C:\WINDOWS\System32\bcryptPrimitives.dll
0x00007ffffb140000 - 0x00007ffffb14e000 	c:\Users\Acer\.vscode\extensions\redhat.java-1.36.0-win32-x64\jre\17.0.13-win32-x86_64\bin\instrument.dll
0x00007fffeb1c0000 - 0x00007fffeb1e5000 	c:\Users\Acer\.vscode\extensions\redhat.java-1.36.0-win32-x64\jre\17.0.13-win32-x86_64\bin\java.dll
0x00007fffeba40000 - 0x00007fffeba58000 	c:\Users\Acer\.vscode\extensions\redhat.java-1.36.0-win32-x64\jre\17.0.13-win32-x86_64\bin\zip.dll
0x00007ff80be00000 - 0x00007ff80c4fe000 	C:\WINDOWS\System32\SHELL32.dll
0x00007ff808d70000 - 0x00007ff80959e000 	C:\WINDOWS\SYSTEM32\windows.storage.dll
0x00007ff80ced0000 - 0x00007ff80cfaa000 	C:\WINDOWS\System32\SHCORE.dll
0x00007ff80baf0000 - 0x00007ff80bb4d000 	C:\WINDOWS\System32\shlwapi.dll
0x00007ff80af10000 - 0x00007ff80af3e000 	C:\WINDOWS\SYSTEM32\profapi.dll
0x00007fffeb7a0000 - 0x00007fffeb7b9000 	C:\Users\Acer\.vscode\extensions\redhat.java-1.36.0-win32-x64\jre\17.0.13-win32-x86_64\bin\net.dll
0x00007ff802ef0000 - 0x00007ff80301c000 	C:\WINDOWS\SYSTEM32\WINHTTP.dll
0x00007ff80b7e0000 - 0x00007ff80b848000 	C:\WINDOWS\System32\mswsock.dll
0x00007fffeb220000 - 0x00007fffeb236000 	C:\Users\Acer\.vscode\extensions\redhat.java-1.36.0-win32-x64\jre\17.0.13-win32-x86_64\bin\nio.dll
0x00007ff804c70000 - 0x00007ff804c80000 	c:\Users\Acer\.vscode\extensions\redhat.java-1.36.0-win32-x64\jre\17.0.13-win32-x86_64\bin\verify.dll
0x00007fffe5700000 - 0x00007fffe5745000 	C:\Users\Acer\AppData\Roaming\Code\User\globalStorage\redhat.java\1.36.0\config_win\org.eclipse.equinox.launcher\org.eclipse.equinox.launcher.win32.win32.x86_64_1.2.1100.v20240722-2106\eclipse_11904.dll
0x00007ff80cd30000 - 0x00007ff80cec9000 	C:\WINDOWS\System32\ole32.dll
0x00007ff80a6d0000 - 0x00007ff80a6ea000 	C:\WINDOWS\SYSTEM32\CRYPTSP.dll
0x00007ff809f00000 - 0x00007ff809f37000 	C:\WINDOWS\system32\rsaenh.dll
0x00007ff80a4d0000 - 0x00007ff80a4fb000 	C:\WINDOWS\SYSTEM32\USERENV.dll
0x00007ff80a930000 - 0x00007ff80a956000 	C:\WINDOWS\SYSTEM32\bcrypt.dll
0x00007ff80a6f0000 - 0x00007ff80a6fc000 	C:\WINDOWS\SYSTEM32\CRYPTBASE.dll
0x00007ff809920000 - 0x00007ff809951000 	C:\WINDOWS\SYSTEM32\IPHLPAPI.DLL
0x00007ff80d1f0000 - 0x00007ff80d1fa000 	C:\WINDOWS\System32\NSI.dll
0x00007ff802950000 - 0x00007ff80296d000 	C:\WINDOWS\SYSTEM32\dhcpcsvc6.DLL
0x00007ff802920000 - 0x00007ff802945000 	C:\WINDOWS\SYSTEM32\dhcpcsvc.DLL
0x00007ff809a10000 - 0x00007ff809b38000 	C:\WINDOWS\SYSTEM32\DNSAPI.dll
0x00007fffe1ff0000 - 0x00007fffe2039000 	C:\Users\Acer\AppData\Local\Temp\jna-2034799\jna12305726442467554226.dll
0x00007ff80d370000 - 0x00007ff80d378000 	C:\WINDOWS\System32\PSAPI.DLL

dbghelp: loaded successfully - version: 4.0.5 - missing functions: none
symbol engine: initialized successfully - sym options: 0x614 - pdb path: .;c:\Users\Acer\.vscode\extensions\redhat.java-1.36.0-win32-x64\jre\17.0.13-win32-x86_64\bin;C:\WINDOWS\SYSTEM32;C:\WINDOWS\WinSxS\amd64_microsoft.windows.common-controls_6595b64144ccf1df_6.0.27749.1000_none_15dddc49543b5de2;c:\Users\Acer\.vscode\extensions\redhat.java-1.36.0-win32-x64\jre\17.0.13-win32-x86_64\bin\server;C:\Users\Acer\AppData\Roaming\Code\User\globalStorage\redhat.java\1.36.0\config_win\org.eclipse.equinox.launcher\org.eclipse.equinox.launcher.win32.win32.x86_64_1.2.1100.v20240722-2106;C:\Users\Acer\AppData\Local\Temp\jna-2034799

VM Arguments:
jvm_args: --add-modules=ALL-SYSTEM --add-opens=java.base/java.util=ALL-UNNAMED --add-opens=java.base/java.lang=ALL-UNNAMED --add-opens=java.base/sun.nio.fs=ALL-UNNAMED -Declipse.application=org.eclipse.jdt.ls.core.id1 -Dosgi.bundles.defaultStartLevel=4 -Declipse.product=org.eclipse.jdt.ls.core.product -Djava.import.generatesMetadataFilesAtProjectRoot=false -DDetectVMInstallationsJob.disabled=true -Dfile.encoding=utf8 -XX:+UseParallelGC -XX:GCTimeRatio=4 -XX:AdaptiveSizePolicyWeight=90 -Dsun.zip.disableMemoryMapping=true -Xmx1G -Xms100m -Xlog:disable -javaagent:c:\Users\Acer\.vscode\extensions\redhat.java-1.36.0-win32-x64\lombok\lombok-1.18.35.jar -XX:+HeapDumpOnOutOfMemoryError -XX:HeapDumpPath=c:\Users\Acer\AppData\Roaming\Code\User\workspaceStorage\3599431ab96410157c4ac57fe2722e92\redhat.java -Daether.dependencyCollector.impl=bf 
java_command: c:\Users\Acer\.vscode\extensions\redhat.java-1.36.0-win32-x64\server\plugins\org.eclipse.equinox.launcher_1.6.900.v20240613-2009.jar -configuration c:\Users\Acer\AppData\Roaming\Code\User\globalStorage\redhat.java\1.36.0\config_win -data c:\Users\Acer\AppData\Roaming\Code\User\workspaceStorage\3599431ab96410157c4ac57fe2722e92\redhat.java\jdt_ws --pipe=\\.\pipe\lsp-19670a84e8454d394936c1c7540b8a29-sock
java_class_path (initial): c:\Users\Acer\.vscode\extensions\redhat.java-1.36.0-win32-x64\server\plugins\org.eclipse.equinox.launcher_1.6.900.v20240613-2009.jar
Launcher Type: SUN_STANDARD

[Global flags]
    uintx AdaptiveSizePolicyWeight                 = 90                                        {product} {command line}
     intx CICompilerCount                          = 3                                         {product} {ergonomic}
    uintx GCTimeRatio                              = 4                                         {product} {command line}
     bool HeapDumpOnOutOfMemoryError               = true                                   {manageable} {command line}
    ccstr HeapDumpPath                             = c:\Users\Acer\AppData\Roaming\Code\User\workspaceStorage\3599431ab96410157c4ac57fe2722e92\redhat.java         {manageable} {command line}
   size_t InitialHeapSize                          = 104857600                                 {product} {command line}
   size_t MaxHeapSize                              = 1073741824                                {product} {command line}
   size_t MaxNewSize                               = 357564416                                 {product} {ergonomic}
   size_t MinHeapDeltaBytes                        = 524288                                    {product} {ergonomic}
   size_t MinHeapSize                              = 104857600                                 {product} {command line}
   size_t NewSize                                  = 34603008                                  {product} {ergonomic}
    uintx NonNMethodCodeHeapSize                   = 5832780                                {pd product} {ergonomic}
    uintx NonProfiledCodeHeapSize                  = 122912730                              {pd product} {ergonomic}
   size_t OldSize                                  = 70254592                                  {product} {ergonomic}
    uintx ProfiledCodeHeapSize                     = 122912730                              {pd product} {ergonomic}
    uintx ReservedCodeCacheSize                    = 251658240                              {pd product} {ergonomic}
     bool SegmentedCodeCache                       = true                                      {product} {ergonomic}
   size_t SoftMaxHeapSize                          = 1073741824                             {manageable} {ergonomic}
     bool UseCompressedClassPointers               = true                           {product lp64_product} {ergonomic}
     bool UseCompressedOops                        = true                           {product lp64_product} {ergonomic}
     bool UseLargePagesIndividualAllocation        = false                                  {pd product} {ergonomic}
     bool UseParallelGC                            = true                                      {product} {command line}

Logging:
Log output configuration:
 #0: stdout all=off uptime,level,tags
 #1: stderr all=off uptime,level,tags

Environment Variables:
JAVA_HOME=C:\Program Files\Java\jdk-21
PATH=C:\Program Files\Common Files\Oracle\Java\javapath;C:\WINDOWS\system32;C:\WINDOWS;C:\WINDOWS\System32\Wbem;C:\WINDOWS\System32\WindowsPowerShell\v1.0\;C:\WINDOWS\System32\OpenSSH\;C:\Program Files\Java\jdk-21\bin;C:\Program Files\MySQL\MySQL Server 8.0\bin;C:\Program Files\Git\cmd;C:\Program Files\MongoDB\Server\8.0\bin;C:\Program Files\mongosh\mongosh-2.3.3-win32-x64\bin;C:\Program Files\MySQL\MySQL Shell 8.0\bin\;C:\Users\Acer\AppData\Local\Microsoft\WindowsApps;;C:\Users\Acer\AppData\Local\Programs\Microsoft VS Code\bin;C:\Program Files\JetBrains\IntelliJ IDEA Community Edition 2024.1.4\bin;;C:\Users\Acer\AppData\Local\Programs\mongosh\
USERNAME=Acer
OS=Windows_NT
PROCESSOR_IDENTIFIER=Intel64 Family 6 Model 142 Stepping 9, GenuineIntel
TMP=C:\Users\Acer\AppData\Local\Temp
TEMP=C:\Users\Acer\AppData\Local\Temp



Periodic native trim disabled


---------------  S Y S T E M  ---------------

OS:
 Windows 11 , 64 bit Build 27749 (10.0.27749.1000)
OS uptime: 1 days 0:25 hours
Hyper-V role detected

CPU: total 4 (initial active 4) (2 cores per cpu, 2 threads per core) family 6 model 142 stepping 9 microcode 0xde, cx8, cmov, fxsr, ht, mmx, 3dnowpref, sse, sse2, sse3, ssse3, sse4.1, sse4.2, popcnt, lzcnt, tsc, tscinvbit, avx, avx2, aes, erms, clmul, bmi1, bmi2, adx, fma, vzeroupper, clflush, clflushopt, hv
Processor Information for all 4 processors :
  Max Mhz: 2712, Current Mhz: 2712, Mhz Limit: 2495

Memory: 4k page, system-wide physical 8043M (1028M free)
TotalPageFile size 32619M (AvailPageFile size 4M)
current process WorkingSet (physical memory assigned to process): 138M, peak: 142M
current process commit charge ("private bytes"): 223M, peak: 228M

vm_info: OpenJDK 64-Bit Server VM (17.0.13+11) for windows-amd64 JRE (17.0.13+11), built on Oct 16 2024 00:10:08 by "admin" with MS VC++ 17.7 (VS2022)

END.
